<?xml version="1.0" encoding="UTF-8"?>
<testsuite name="com.rbmhtechnology.vind.test.ParentChildrenTest" tests="6" skipped="0" failures="0" errors="0" timestamp="2017-08-18T16:41:21" hostname="kang" time="4.129">
  <properties/>
  <testcase name="testParentDuplicationOnAtomicUpdate" classname="com.rbmhtechnology.vind.test.ParentChildrenTest" time="2.274"/>
  <testcase name="testFilterResultsByParentValue" classname="com.rbmhtechnology.vind.test.ParentChildrenTest" time="0.512"/>
  <testcase name="testFilterOnlyWithParentValue" classname="com.rbmhtechnology.vind.test.ParentChildrenTest" time="0.358"/>
  <testcase name="testGetNumberOfChildren" classname="com.rbmhtechnology.vind.test.ParentChildrenTest" time="0.364"/>
  <testcase name="testFilterOnlyWithChildrenValue" classname="com.rbmhtechnology.vind.test.ParentChildrenTest" time="0.307"/>
  <testcase name="testFilterOnlyWithParentValues" classname="com.rbmhtechnology.vind.test.ParentChildrenTest" time="0.313"/>
  <system-out><![CDATA[]]></system-out>
  <system-err><![CDATA[[Test worker] INFO com.rbmhtechnology.vind.configure.SearchConfiguration - Trying to load configurations file from System properties var 'vind.properties.file':...
[Test worker] INFO com.rbmhtechnology.vind.configure.SearchConfiguration - configurations file from System properties
[Test worker] INFO com.rbmhtechnology.vind.configure.SearchConfiguration - Trying to load custom configurations from file 'vind.properties':...
[Test worker] INFO com.rbmhtechnology.vind.configure.SearchConfiguration - Not found configurations file path in System properties, using default values
[Test worker] INFO com.rbmhtechnology.vind.solr.SolrSearchServer - No server provider of type class com.rbmhtechnology.vind.solr.EmbeddedSolrServerProvider found in classpath for server com.rbmhtechnology.vind.solr.SolrSearchServer
[Test worker] INFO com.rbmhtechnology.vind.solr.SolrSearchServer - No server provider of type class com.rbmhtechnology.vind.solr.EmbeddedSolrServerProvider found in classpath for server com.rbmhtechnology.vind.solr.SolrSearchServer
[Test worker] INFO org.apache.solr.core.SolrResourceLoader - new SolrResourceLoader for directory: '/tmp/solr-home6515053951725967708'
[Test worker] INFO org.apache.solr.core.SolrResourceLoader - JNDI not configured for solr (NoInitialContextEx)
[Test worker] INFO org.apache.solr.core.SolrResourceLoader - solr home defaulted to 'solr/' (could not find system property or JNDI)
[Test worker] INFO org.apache.solr.core.SolrXmlConfig - Loading container configuration from /tmp/solr-home6515053951725967708/solr.xml
[Test worker] INFO org.apache.solr.core.CorePropertiesLocator - Config-defined core root directory: /tmp/solr-home6515053951725967708
[Test worker] INFO org.apache.solr.core.CoreContainer - New CoreContainer 887343477
[Test worker] INFO org.apache.solr.core.CoreContainer - Loading cores into CoreContainer [instanceDir=/tmp/solr-home6515053951725967708]
[Test worker] WARN org.apache.solr.core.CoreContainer - Couldn't add files from /tmp/solr-home6515053951725967708/lib to classpath: /tmp/solr-home6515053951725967708/lib
[Test worker] INFO org.apache.solr.handler.component.HttpShardHandlerFactory - created with socketTimeout : 120000,connTimeout : 15000,maxConnectionsPerHost : 20,maxConnections : 10000,corePoolSize : 0,maximumPoolSize : 2147483647,maxThreadIdleTime : 5,sizeOfQueue : -1,fairnessPolicy : false,useRetries : false,
[Test worker] INFO org.apache.solr.update.UpdateShardHandler - Creating UpdateShardHandler HTTP client with params: socketTimeout=600000&connTimeout=60000&retry=true
[Test worker] INFO org.apache.solr.logging.LogWatcher - SLF4J impl is org.slf4j.impl.SimpleLoggerFactory
[Test worker] INFO org.apache.solr.logging.LogWatcher - No LogWatcher configured
[Test worker] INFO org.apache.solr.core.CoreContainer - Security conf doesn't exist. Skipping setup for authorization module.
[Test worker] INFO org.apache.solr.core.CoreContainer - No authentication plugin used.
[Test worker] INFO org.apache.solr.core.CorePropertiesLocator - Looking for core definitions underneath /tmp/solr-home6515053951725967708
[Test worker] INFO org.apache.solr.core.CoreDescriptor - Created CoreDescriptor: {runtimeLib=false, name=core, config=solrconfig.xml, loadOnStartup=true, schema=schema.xml, configSetProperties=configsetprops.json, transient=false, dataDir=data/}
[Test worker] INFO org.apache.solr.core.CorePropertiesLocator - Found core core in /tmp/solr-home6515053951725967708/core
[Test worker] INFO org.apache.solr.core.CorePropertiesLocator - Found 1 core definitions
[coreLoadExecutor-6-thread-1] INFO org.apache.solr.core.SolrResourceLoader - new SolrResourceLoader for directory: '/tmp/solr-home6515053951725967708/core'
[coreLoadExecutor-6-thread-1] INFO org.apache.solr.core.SolrResourceLoader - JNDI not configured for solr (NoInitialContextEx)
[coreLoadExecutor-6-thread-1] INFO org.apache.solr.core.SolrResourceLoader - solr home defaulted to 'solr/' (could not find system property or JNDI)
[coreLoadExecutor-6-thread-1] INFO org.apache.solr.core.SolrResourceLoader - Adding 'file:/tmp/solr-home6515053951725967708/core/lib/marker-search-handler-0.3.0.jar' to classloader
[coreLoadExecutor-6-thread-1] INFO org.apache.solr.core.SolrResourceLoader - Adding 'file:/tmp/solr-home6515053951725967708/core/lib/suggestion-request-handler-2.1.0.jar' to classloader
[coreLoadExecutor-6-thread-1] INFO org.apache.solr.core.SolrConfig - current version of requestparams : -1
[coreLoadExecutor-6-thread-1] INFO org.apache.solr.update.SolrIndexConfig - IndexWriter infoStream solr logging is enabled
[coreLoadExecutor-6-thread-1] INFO org.apache.solr.core.SolrConfig - Using Lucene MatchVersion: 5.5.0
[coreLoadExecutor-6-thread-1] INFO org.apache.solr.core.SolrConfig - Loaded SolrConfig: solrconfig.xml
[coreLoadExecutor-6-thread-1] INFO org.apache.solr.schema.ManagedIndexSchemaFactory - The schema is configured as managed, but managed schema resource managed-schema not found - loading non-managed schema schema.xml instead
[coreLoadExecutor-6-thread-1] INFO org.apache.solr.schema.IndexSchema - [core] Schema name=basic search lib core
[coreLoadExecutor-6-thread-1] INFO org.apache.solr.schema.IndexSchema - unique key field: _id_
[coreLoadExecutor-6-thread-1] INFO org.apache.solr.schema.ManagedIndexSchema - Upgraded to managed schema at /tmp/solr-home6515053951725967708/core/conf/managed-schema
[coreLoadExecutor-6-thread-1] INFO org.apache.solr.schema.ManagedIndexSchemaFactory - After upgrading to managed schema, renamed the non-managed schema /tmp/solr-home6515053951725967708/core/conf/schema.xml to /tmp/solr-home6515053951725967708/core/conf/schema.xml.bak
[coreLoadExecutor-6-thread-1] INFO org.apache.solr.core.ConfigSetProperties - Did not find ConfigSet properties, assuming default properties: Can't find resource 'configsetprops.json' in classpath or '/tmp/solr-home6515053951725967708/core'
[coreLoadExecutor-6-thread-1] INFO org.apache.solr.core.CoreContainer - Creating SolrCore 'core' using configuration from instancedir /tmp/solr-home6515053951725967708/core
[coreLoadExecutor-6-thread-1] INFO org.apache.solr.core.SolrCore - solr.NRTCachingDirectoryFactory
[coreLoadExecutor-6-thread-1] INFO org.apache.solr.core.SolrCore - [[core] ] Opening new SolrCore at [/tmp/solr-home6515053951725967708/core], dataDir=[/tmp/solr-home6515053951725967708/core/data/]
[coreLoadExecutor-6-thread-1] INFO org.apache.solr.core.JmxMonitoredMap - No JMX servers found, not exposing Solr information with JMX.
[coreLoadExecutor-6-thread-1] INFO org.apache.solr.core.SchemaCodecFactory - Using default compressionMode: BEST_SPEED
[coreLoadExecutor-6-thread-1] INFO org.apache.solr.core.CachingDirectoryFactory - return new directory for /tmp/solr-home6515053951725967708/core/data
[coreLoadExecutor-6-thread-1] INFO org.apache.solr.core.SolrCore - New index directory detected: old=null new=/tmp/solr-home6515053951725967708/core/data/index/
[coreLoadExecutor-6-thread-1] WARN org.apache.solr.core.SolrCore - [core] Solr index directory '/tmp/solr-home6515053951725967708/core/data/index' doesn't exist. Creating new index...
[coreLoadExecutor-6-thread-1] INFO org.apache.solr.core.CachingDirectoryFactory - return new directory for /tmp/solr-home6515053951725967708/core/data/index
[coreLoadExecutor-6-thread-1] INFO org.apache.solr.update.LoggingInfoStream - [IFD][coreLoadExecutor-6-thread-1]: init: current segments file is "segments"; deletionPolicy=org.apache.solr.core.IndexDeletionPolicyWrapper@12e7b7b3
[coreLoadExecutor-6-thread-1] INFO org.apache.solr.update.LoggingInfoStream - [IFD][coreLoadExecutor-6-thread-1]: now checkpoint "" [0 segments ; isCommit = false]
[coreLoadExecutor-6-thread-1] INFO org.apache.solr.update.LoggingInfoStream - [IFD][coreLoadExecutor-6-thread-1]: 0 msec to checkpoint
[coreLoadExecutor-6-thread-1] INFO org.apache.solr.update.LoggingInfoStream - [IW][coreLoadExecutor-6-thread-1]: init: create=true
[coreLoadExecutor-6-thread-1] INFO org.apache.solr.update.LoggingInfoStream - [IW][coreLoadExecutor-6-thread-1]: 
dir=NRTCachingDirectory(MMapDirectory@/tmp/solr-home6515053951725967708/core/data/index lockFactory=org.apache.lucene.store.NativeFSLockFactory@2c3d74f6; maxCacheMB=48.0 maxMergeSizeMB=4.0)
index=
version=5.5.1
analyzer=org.apache.solr.update.SolrIndexConfig$DelayedSchemaAnalyzer
ramBufferSizeMB=100.0
maxBufferedDocs=-1
maxBufferedDeleteTerms=-1
mergedSegmentWarmer=null
delPolicy=org.apache.solr.core.IndexDeletionPolicyWrapper
commit=null
openMode=CREATE
similarity=org.apache.lucene.search.similarities.ClassicSimilarity
mergeScheduler=ConcurrentMergeScheduler: maxThreadCount=-1, maxMergeCount=-1, ioThrottle=true
default WRITE_LOCK_TIMEOUT=0
writeLockTimeout=0
codec=Lucene54
infoStream=org.apache.solr.update.LoggingInfoStream
mergePolicy=[TieredMergePolicy: maxMergeAtOnce=10, maxMergeAtOnceExplicit=30, maxMergedSegmentMB=5120.0, floorSegmentMB=2.0, forceMergeDeletesPctAllowed=10.0, segmentsPerTier=10.0, maxCFSSegmentSizeMB=8.796093022207999E12, noCFSRatio=0.1
indexerThreadPool=org.apache.lucene.index.DocumentsWriterPerThreadPool@b87a58f
readerPooling=false
perThreadHardLimitMB=1945
useCompoundFile=false
commitOnClose=true
writer=org.apache.solr.update.SolrIndexWriter@24f2d163

[coreLoadExecutor-6-thread-1] INFO org.apache.solr.update.LoggingInfoStream - [IW][coreLoadExecutor-6-thread-1]: MMapDirectory.UNMAP_SUPPORTED=true
[coreLoadExecutor-6-thread-1] INFO org.apache.solr.update.LoggingInfoStream - [IW][coreLoadExecutor-6-thread-1]: now flush at close
[coreLoadExecutor-6-thread-1] INFO org.apache.solr.update.LoggingInfoStream - [IW][coreLoadExecutor-6-thread-1]:   start flush: applyAllDeletes=true
[coreLoadExecutor-6-thread-1] INFO org.apache.solr.update.LoggingInfoStream - [IW][coreLoadExecutor-6-thread-1]:   index before flush 
[coreLoadExecutor-6-thread-1] INFO org.apache.solr.update.LoggingInfoStream - [DW][coreLoadExecutor-6-thread-1]: startFullFlush
[coreLoadExecutor-6-thread-1] INFO org.apache.solr.update.LoggingInfoStream - [DW][coreLoadExecutor-6-thread-1]: coreLoadExecutor-6-thread-1 finishFullFlush success=true
[coreLoadExecutor-6-thread-1] INFO org.apache.solr.update.LoggingInfoStream - [IW][coreLoadExecutor-6-thread-1]: apply all deletes during flush
[coreLoadExecutor-6-thread-1] INFO org.apache.solr.update.LoggingInfoStream - [IW][coreLoadExecutor-6-thread-1]: now apply all deletes for all segments maxDoc=0
[coreLoadExecutor-6-thread-1] INFO org.apache.solr.update.LoggingInfoStream - [BD][coreLoadExecutor-6-thread-1]: prune sis=segments:  minGen=9223372036854775807 packetCount=0
[coreLoadExecutor-6-thread-1] INFO org.apache.solr.update.LoggingInfoStream - [MS][coreLoadExecutor-6-thread-1]: initDynamicDefaults spins=false maxThreadCount=2 maxMergeCount=7
[coreLoadExecutor-6-thread-1] INFO org.apache.solr.update.LoggingInfoStream - [MS][coreLoadExecutor-6-thread-1]: updateMergeThreads ioThrottle=true targetMBPerSec=10240.0 MB/sec
[coreLoadExecutor-6-thread-1] INFO org.apache.solr.update.LoggingInfoStream - [MS][coreLoadExecutor-6-thread-1]: now merge
[coreLoadExecutor-6-thread-1] INFO org.apache.solr.update.LoggingInfoStream - [MS][coreLoadExecutor-6-thread-1]:   index: 
[coreLoadExecutor-6-thread-1] INFO org.apache.solr.update.LoggingInfoStream - [MS][coreLoadExecutor-6-thread-1]:   no more merges pending; now return
[coreLoadExecutor-6-thread-1] INFO org.apache.solr.update.LoggingInfoStream - [IW][coreLoadExecutor-6-thread-1]: waitForMerges
[coreLoadExecutor-6-thread-1] INFO org.apache.solr.update.LoggingInfoStream - [IW][coreLoadExecutor-6-thread-1]: waitForMerges done
[coreLoadExecutor-6-thread-1] INFO org.apache.solr.update.LoggingInfoStream - [IW][coreLoadExecutor-6-thread-1]: commit: start
[coreLoadExecutor-6-thread-1] INFO org.apache.solr.update.LoggingInfoStream - [IW][coreLoadExecutor-6-thread-1]: commit: enter lock
[coreLoadExecutor-6-thread-1] INFO org.apache.solr.update.LoggingInfoStream - [IW][coreLoadExecutor-6-thread-1]: commit: now prepare
[coreLoadExecutor-6-thread-1] INFO org.apache.solr.update.LoggingInfoStream - [IW][coreLoadExecutor-6-thread-1]: prepareCommit: flush
[coreLoadExecutor-6-thread-1] INFO org.apache.solr.update.LoggingInfoStream - [IW][coreLoadExecutor-6-thread-1]:   index before flush 
[coreLoadExecutor-6-thread-1] INFO org.apache.solr.update.LoggingInfoStream - [DW][coreLoadExecutor-6-thread-1]: startFullFlush
[coreLoadExecutor-6-thread-1] INFO org.apache.solr.update.LoggingInfoStream - [IW][coreLoadExecutor-6-thread-1]: apply all deletes during flush
[coreLoadExecutor-6-thread-1] INFO org.apache.solr.update.LoggingInfoStream - [IW][coreLoadExecutor-6-thread-1]: now apply all deletes for all segments maxDoc=0
[coreLoadExecutor-6-thread-1] INFO org.apache.solr.update.LoggingInfoStream - [BD][coreLoadExecutor-6-thread-1]: prune sis=segments:  minGen=9223372036854775807 packetCount=0
[coreLoadExecutor-6-thread-1] INFO org.apache.solr.update.LoggingInfoStream - [DW][coreLoadExecutor-6-thread-1]: coreLoadExecutor-6-thread-1 finishFullFlush success=true
[coreLoadExecutor-6-thread-1] INFO org.apache.solr.update.LoggingInfoStream - [IW][coreLoadExecutor-6-thread-1]: startCommit(): start
[coreLoadExecutor-6-thread-1] INFO org.apache.solr.update.LoggingInfoStream - [IW][coreLoadExecutor-6-thread-1]: startCommit index= changeCount=2
[coreLoadExecutor-6-thread-1] INFO org.apache.solr.update.LoggingInfoStream - [IW][coreLoadExecutor-6-thread-1]: startCommit: wrote pending segments file "pending_segments_1"
[coreLoadExecutor-6-thread-1] INFO org.apache.solr.update.LoggingInfoStream - [IW][coreLoadExecutor-6-thread-1]: done all syncs: []
[coreLoadExecutor-6-thread-1] INFO org.apache.solr.update.LoggingInfoStream - [IW][coreLoadExecutor-6-thread-1]: commit: pendingCommit != null
[coreLoadExecutor-6-thread-1] INFO org.apache.solr.update.LoggingInfoStream - [IW][coreLoadExecutor-6-thread-1]: commit: done writing segments file "segments_1"
[coreLoadExecutor-6-thread-1] INFO org.apache.solr.update.LoggingInfoStream - [IFD][coreLoadExecutor-6-thread-1]: now checkpoint "" [0 segments ; isCommit = true]
[coreLoadExecutor-6-thread-1] INFO org.apache.solr.core.SolrDeletionPolicy - SolrDeletionPolicy.onCommit: commits: num=1
	commit{dir=NRTCachingDirectory(MMapDirectory@/tmp/solr-home6515053951725967708/core/data/index lockFactory=org.apache.lucene.store.NativeFSLockFactory@2c3d74f6; maxCacheMB=48.0 maxMergeSizeMB=4.0),segFN=segments_1,generation=1}
[coreLoadExecutor-6-thread-1] INFO org.apache.solr.core.SolrDeletionPolicy - newest commit generation = 1
[coreLoadExecutor-6-thread-1] INFO org.apache.solr.update.LoggingInfoStream - [IFD][coreLoadExecutor-6-thread-1]: 2 msec to checkpoint
[coreLoadExecutor-6-thread-1] INFO org.apache.solr.update.LoggingInfoStream - [IW][coreLoadExecutor-6-thread-1]: commit: took 13.3 msec
[coreLoadExecutor-6-thread-1] INFO org.apache.solr.update.LoggingInfoStream - [IW][coreLoadExecutor-6-thread-1]: commit: done
[coreLoadExecutor-6-thread-1] INFO org.apache.solr.update.LoggingInfoStream - [IW][coreLoadExecutor-6-thread-1]: rollback
[coreLoadExecutor-6-thread-1] INFO org.apache.solr.update.LoggingInfoStream - [IW][coreLoadExecutor-6-thread-1]: all running merges have aborted
[coreLoadExecutor-6-thread-1] INFO org.apache.solr.update.LoggingInfoStream - [IW][coreLoadExecutor-6-thread-1]: rollback: done finish merges
[coreLoadExecutor-6-thread-1] INFO org.apache.solr.update.LoggingInfoStream - [DW][coreLoadExecutor-6-thread-1]: abort
[coreLoadExecutor-6-thread-1] INFO org.apache.solr.update.LoggingInfoStream - [DW][coreLoadExecutor-6-thread-1]: done abort success=true
[coreLoadExecutor-6-thread-1] INFO org.apache.solr.update.LoggingInfoStream - [IW][coreLoadExecutor-6-thread-1]: rollback: infos=
[coreLoadExecutor-6-thread-1] INFO org.apache.solr.update.LoggingInfoStream - [IFD][coreLoadExecutor-6-thread-1]: now checkpoint "" [0 segments ; isCommit = false]
[coreLoadExecutor-6-thread-1] INFO org.apache.solr.update.LoggingInfoStream - [IFD][coreLoadExecutor-6-thread-1]: 0 msec to checkpoint
[OldIndexDirectoryCleanupThreadForCore-core] INFO org.apache.solr.core.SolrCore - Looking for old index directories to cleanup for core core in /tmp/solr-home6515053951725967708/core/data/
[coreLoadExecutor-6-thread-1] INFO org.apache.solr.core.SolrCore - no updateRequestProcessorChain defined as default, creating implicit default
[coreLoadExecutor-6-thread-1] INFO org.apache.solr.handler.loader.XMLLoader - xsltCacheLifetimeSeconds=60
[coreLoadExecutor-6-thread-1] INFO org.apache.solr.handler.loader.XMLLoader - xsltCacheLifetimeSeconds=60
[coreLoadExecutor-6-thread-1] INFO org.apache.solr.handler.loader.XMLLoader - xsltCacheLifetimeSeconds=60
[coreLoadExecutor-6-thread-1] INFO org.apache.solr.handler.loader.XMLLoader - xsltCacheLifetimeSeconds=60
[coreLoadExecutor-6-thread-1] INFO org.apache.solr.core.RequestHandlers - Registered paths: /admin/mbeans,,/update/csv,/update/json/docs,/admin/luke,/select,/suggester,/admin/segments,/get,/admin/system,/replication,/admin/properties,/config,/schema,/admin/plugins,/admin/logging,/update/json,/admin/threads,/admin/ping,/update,/admin/file
[coreLoadExecutor-6-thread-1] INFO org.apache.solr.core.SolrCore - Using default statsCache cache: org.apache.solr.search.stats.LocalStatsCache
[coreLoadExecutor-6-thread-1] INFO org.apache.solr.update.UpdateHandler - Using UpdateLog implementation: org.apache.solr.update.UpdateLog
[coreLoadExecutor-6-thread-1] INFO org.apache.solr.update.UpdateLog - Initializing UpdateLog: dataDir= defaultSyncLevel=FLUSH numRecordsToKeep=100 maxNumLogsToKeep=10 numVersionBuckets=65536
[coreLoadExecutor-6-thread-1] INFO org.apache.solr.update.CommitTracker - Hard AutoCommit: if uncommited for 15000ms; 
[coreLoadExecutor-6-thread-1] INFO org.apache.solr.update.CommitTracker - Soft AutoCommit: disabled
[coreLoadExecutor-6-thread-1] INFO org.apache.solr.update.LoggingInfoStream - [IFD][coreLoadExecutor-6-thread-1]: init: current segments file is "segments_1"; deletionPolicy=org.apache.solr.core.IndexDeletionPolicyWrapper@12e7b7b3
[coreLoadExecutor-6-thread-1] INFO org.apache.solr.update.LoggingInfoStream - [IFD][coreLoadExecutor-6-thread-1]: init: load commit "segments_1"
[coreLoadExecutor-6-thread-1] INFO org.apache.solr.core.SolrDeletionPolicy - SolrDeletionPolicy.onInit: commits: num=1
	commit{dir=NRTCachingDirectory(MMapDirectory@/tmp/solr-home6515053951725967708/core/data/index lockFactory=org.apache.lucene.store.NativeFSLockFactory@2c3d74f6; maxCacheMB=48.0 maxMergeSizeMB=4.0),segFN=segments_1,generation=1}
[coreLoadExecutor-6-thread-1] INFO org.apache.solr.core.SolrDeletionPolicy - newest commit generation = 1
[coreLoadExecutor-6-thread-1] INFO org.apache.solr.update.LoggingInfoStream - [IFD][coreLoadExecutor-6-thread-1]: now checkpoint "" [0 segments ; isCommit = false]
[coreLoadExecutor-6-thread-1] INFO org.apache.solr.update.LoggingInfoStream - [IFD][coreLoadExecutor-6-thread-1]: 0 msec to checkpoint
[coreLoadExecutor-6-thread-1] INFO org.apache.solr.update.LoggingInfoStream - [IW][coreLoadExecutor-6-thread-1]: init: create=false
[coreLoadExecutor-6-thread-1] INFO org.apache.solr.update.LoggingInfoStream - [IW][coreLoadExecutor-6-thread-1]: 
dir=NRTCachingDirectory(MMapDirectory@/tmp/solr-home6515053951725967708/core/data/index lockFactory=org.apache.lucene.store.NativeFSLockFactory@2c3d74f6; maxCacheMB=48.0 maxMergeSizeMB=4.0)
index=
version=5.5.1
analyzer=org.apache.solr.update.SolrIndexConfig$DelayedSchemaAnalyzer
ramBufferSizeMB=100.0
maxBufferedDocs=-1
maxBufferedDeleteTerms=-1
mergedSegmentWarmer=null
delPolicy=org.apache.solr.core.IndexDeletionPolicyWrapper
commit=null
openMode=APPEND
similarity=org.apache.lucene.search.similarities.ClassicSimilarity
mergeScheduler=ConcurrentMergeScheduler: maxThreadCount=-1, maxMergeCount=-1, ioThrottle=true
default WRITE_LOCK_TIMEOUT=0
writeLockTimeout=0
codec=Lucene54
infoStream=org.apache.solr.update.LoggingInfoStream
mergePolicy=[TieredMergePolicy: maxMergeAtOnce=10, maxMergeAtOnceExplicit=30, maxMergedSegmentMB=5120.0, floorSegmentMB=2.0, forceMergeDeletesPctAllowed=10.0, segmentsPerTier=10.0, maxCFSSegmentSizeMB=8.796093022207999E12, noCFSRatio=0.1
indexerThreadPool=org.apache.lucene.index.DocumentsWriterPerThreadPool@267760b3
readerPooling=false
perThreadHardLimitMB=1945
useCompoundFile=false
commitOnClose=true
writer=org.apache.solr.update.SolrIndexWriter@78504b17

[coreLoadExecutor-6-thread-1] INFO org.apache.solr.update.LoggingInfoStream - [IW][coreLoadExecutor-6-thread-1]: MMapDirectory.UNMAP_SUPPORTED=true
[coreLoadExecutor-6-thread-1] INFO org.apache.solr.update.LoggingInfoStream - [IW][coreLoadExecutor-6-thread-1]: flush at getReader
[coreLoadExecutor-6-thread-1] INFO org.apache.solr.update.LoggingInfoStream - [DW][coreLoadExecutor-6-thread-1]: startFullFlush
[coreLoadExecutor-6-thread-1] INFO org.apache.solr.update.LoggingInfoStream - [IW][coreLoadExecutor-6-thread-1]: apply all deletes during flush
[coreLoadExecutor-6-thread-1] INFO org.apache.solr.update.LoggingInfoStream - [IW][coreLoadExecutor-6-thread-1]: now apply all deletes for all segments maxDoc=0
[coreLoadExecutor-6-thread-1] INFO org.apache.solr.update.LoggingInfoStream - [BD][coreLoadExecutor-6-thread-1]: prune sis=segments_1:  minGen=9223372036854775807 packetCount=0
[coreLoadExecutor-6-thread-1] INFO org.apache.solr.update.LoggingInfoStream - [IW][coreLoadExecutor-6-thread-1]: incRefDeleter for NRT reader version=2 segments=
[coreLoadExecutor-6-thread-1] INFO org.apache.solr.update.LoggingInfoStream - [IW][coreLoadExecutor-6-thread-1]: return reader version=2 reader=StandardDirectoryReader(segments_1:2:nrt)
[coreLoadExecutor-6-thread-1] INFO org.apache.solr.update.LoggingInfoStream - [DW][coreLoadExecutor-6-thread-1]: coreLoadExecutor-6-thread-1 finishFullFlush success=true
[coreLoadExecutor-6-thread-1] INFO org.apache.solr.update.LoggingInfoStream - [IW][coreLoadExecutor-6-thread-1]: getReader took 3 msec
[coreLoadExecutor-6-thread-1] INFO org.apache.solr.search.SolrIndexSearcher - Opening Searcher@191e21ce[core] main
[coreLoadExecutor-6-thread-1] INFO org.apache.solr.rest.ManagedResourceStorage - File-based storage initialized to use dir: /tmp/solr-home6515053951725967708/core/conf
[coreLoadExecutor-6-thread-1] INFO org.apache.solr.rest.RestManager - Initializing RestManager with initArgs: {storageDir=/tmp/solr-home6515053951725967708/core/conf}
[coreLoadExecutor-6-thread-1] INFO org.apache.solr.rest.ManagedResourceStorage - Reading _rest_managed.json using file:dir=/tmp/solr-home6515053951725967708/core/conf
[coreLoadExecutor-6-thread-1] INFO org.apache.solr.rest.RestManager - Initializing 0 registered ManagedResources
[coreLoadExecutor-6-thread-1] INFO org.apache.solr.handler.component.SpellCheckComponent - Initializing spell checkers
[coreLoadExecutor-6-thread-1] INFO org.apache.solr.handler.component.SpellCheckComponent - Registering newSearcher listener for spellchecker: default
[coreLoadExecutor-6-thread-1] INFO org.apache.solr.handler.component.SpellCheckComponent - No queryConverter defined, using default converter
[coreLoadExecutor-6-thread-1] INFO org.apache.solr.handler.ReplicationHandler - Commits will be reserved for  10000
[searcherExecutor-7-thread-1] INFO org.apache.solr.handler.component.SpellCheckComponent - Loading spell index for spellchecker: default
[coreLoadExecutor-6-thread-1] INFO org.apache.solr.update.UpdateLog - Looking up max value of version field to seed version buckets
[coreLoadExecutor-6-thread-1] INFO org.apache.solr.update.VersionInfo - Refreshing highest value of _version_ for 65536 version buckets from index
[coreLoadExecutor-6-thread-1] INFO org.apache.solr.update.VersionInfo - No terms found for _version_, cannot seed version bucket highest value from index
[coreLoadExecutor-6-thread-1] INFO org.apache.solr.update.UpdateLog - Could not find max version in index or recent updates, using new clock 1576087829051604992
[searcherExecutor-7-thread-1] INFO org.apache.solr.core.SolrCore - [core] Registered new searcher Searcher@191e21ce[core] main{ExitableDirectoryReader(UninvertingDirectoryReader())}
[coreLoadExecutor-6-thread-1] INFO org.apache.solr.update.UpdateLog - Took 5.0ms to seed version buckets with highest version 1576087829051604992
[coreLoadExecutor-6-thread-1] INFO org.apache.solr.core.CoreContainer - registering core: core
[Test worker] INFO org.apache.solr.core.SolrCore.Request - [core]  webapp=null path=/admin/ping params={} hits=0 status=0 QTime=31
[Test worker] INFO org.apache.solr.core.SolrCore.Request - [core]  webapp=null path=/admin/ping params={} status=0 QTime=31
[Test worker] INFO com.rbmhtechnology.vind.solr.SolrSearchServer - Connection to solr server successful
[Test worker] INFO org.apache.solr.core.SolrCore.Request - [core]  webapp=null path=/schema params={} status=0 QTime=0
[Test worker] INFO com.rbmhtechnology.vind.solr.SolrSearchServer - No server provider of type class com.rbmhtechnology.vind.solr.EmbeddedSolrServerProvider found in classpath for server com.rbmhtechnology.vind.solr.SolrSearchServer
[Test worker] INFO org.apache.solr.update.LoggingInfoStream - [DW][Test worker]: anyChanges? numDocsInRam=0 deletes=true hasTickets:false pendingChangesInFullFlush: false
[Test worker] INFO org.apache.solr.update.LoggingInfoStream - [DW][Test worker]: anyChanges? numDocsInRam=0 deletes=true hasTickets:false pendingChangesInFullFlush: false
[Test worker] INFO org.apache.solr.update.LoggingInfoStream - [IW][Test worker]: nrtIsCurrent: infoVersion matches: true; DW changes: true; BD changes: false
[Test worker] INFO org.apache.solr.update.LoggingInfoStream - [IW][Test worker]: flush at getReader
[Test worker] INFO org.apache.solr.update.LoggingInfoStream - [DW][Test worker]: startFullFlush
[Test worker] INFO org.apache.solr.update.LoggingInfoStream - [DW][Test worker]: anyChanges? numDocsInRam=0 deletes=true hasTickets:false pendingChangesInFullFlush: false
[Test worker] INFO org.apache.solr.update.LoggingInfoStream - [DW][Test worker]: Test worker: flush naked frozen global deletes
[Test worker] INFO org.apache.solr.update.LoggingInfoStream - [BD][Test worker]: push deletes  1 deleted queries bytesUsed=80 segmentPrivate?=false delGen=2 packetCount=1 totBytesUsed=80
[Test worker] INFO org.apache.solr.update.LoggingInfoStream - [DW][Test worker]: flush: push buffered updates:  1 deleted queries bytesUsed=80
[Test worker] INFO org.apache.solr.update.LoggingInfoStream - [IW][Test worker]: apply all deletes during flush
[Test worker] INFO org.apache.solr.update.LoggingInfoStream - [IW][Test worker]: now apply all deletes for all segments maxDoc=0
[Test worker] INFO org.apache.solr.update.LoggingInfoStream - [BD][Test worker]: prune sis=segments_1:  minGen=9223372036854775807 packetCount=1
[Test worker] INFO org.apache.solr.update.LoggingInfoStream - [BD][Test worker]: pruneDeletes: prune 1 packets; 0 packets remain
[Test worker] INFO org.apache.solr.update.LoggingInfoStream - [IW][Test worker]: incRefDeleter for NRT reader version=2 segments=
[Test worker] INFO org.apache.solr.update.LoggingInfoStream - [IW][Test worker]: return reader version=2 reader=StandardDirectoryReader(segments_1:2:nrt)
[Test worker] INFO org.apache.solr.update.LoggingInfoStream - [DW][Test worker]: Test worker finishFullFlush success=true
[Test worker] INFO org.apache.solr.update.LoggingInfoStream - [IW][Test worker]: getReader took 4 msec
[Test worker] INFO org.apache.solr.update.LoggingInfoStream - [IW][Test worker]: decRefDeleter for NRT reader version=2 segments=
[Test worker] INFO org.apache.solr.update.processor.LogUpdateProcessorFactory - [core]  webapp=null path=/update params={}{deleteByQuery=*:* (-1576087829183725568)} 0 59
[Test worker] INFO org.apache.solr.update.DirectUpdateHandler2 - start commit{,optimize=false,openSearcher=true,waitSearcher=true,expungeDeletes=false,softCommit=false,prepareCommit=false}
[Test worker] INFO org.apache.solr.update.DirectUpdateHandler2 - No uncommitted changes. Skipping IW.commit.
[Test worker] INFO org.apache.solr.core.SolrCore - SolrIndexSearcher has not changed - not re-opening: org.apache.solr.search.SolrIndexSearcher
[Test worker] INFO org.apache.solr.update.DirectUpdateHandler2 - end_commit_flush
[Test worker] INFO org.apache.solr.update.processor.LogUpdateProcessorFactory - [core]  webapp=null path=/update params={commit=true&softCommit=false&waitSearcher=true}{commit=} 0 1
[Test worker] INFO org.apache.solr.update.LoggingInfoStream - [DW][Test worker]: anyChanges? numDocsInRam=0 deletes=true hasTickets:false pendingChangesInFullFlush: false
[Test worker] INFO org.apache.solr.update.LoggingInfoStream - [DW][Test worker]: anyChanges? numDocsInRam=0 deletes=true hasTickets:false pendingChangesInFullFlush: false
[Test worker] INFO org.apache.solr.update.LoggingInfoStream - [IW][Test worker]: nrtIsCurrent: infoVersion matches: true; DW changes: true; BD changes: false
[Test worker] INFO org.apache.solr.update.LoggingInfoStream - [IW][Test worker]: flush at getReader
[Test worker] INFO org.apache.solr.update.LoggingInfoStream - [DW][Test worker]: startFullFlush
[Test worker] INFO org.apache.solr.update.LoggingInfoStream - [DW][Test worker]: anyChanges? numDocsInRam=0 deletes=true hasTickets:false pendingChangesInFullFlush: false
[Test worker] INFO org.apache.solr.update.LoggingInfoStream - [DW][Test worker]: Test worker: flush naked frozen global deletes
[Test worker] INFO org.apache.solr.update.LoggingInfoStream - [BD][Test worker]: push deletes  1 deleted queries bytesUsed=80 segmentPrivate?=false delGen=4 packetCount=1 totBytesUsed=80
[Test worker] INFO org.apache.solr.update.LoggingInfoStream - [DW][Test worker]: flush: push buffered updates:  1 deleted queries bytesUsed=80
[Test worker] INFO org.apache.solr.update.LoggingInfoStream - [IW][Test worker]: apply all deletes during flush
[Test worker] INFO org.apache.solr.update.LoggingInfoStream - [IW][Test worker]: now apply all deletes for all segments maxDoc=0
[Test worker] INFO org.apache.solr.update.LoggingInfoStream - [BD][Test worker]: prune sis=segments_1:  minGen=9223372036854775807 packetCount=1
[Test worker] INFO org.apache.solr.update.LoggingInfoStream - [BD][Test worker]: pruneDeletes: prune 1 packets; 0 packets remain
[Test worker] INFO org.apache.solr.update.LoggingInfoStream - [IW][Test worker]: incRefDeleter for NRT reader version=2 segments=
[Test worker] INFO org.apache.solr.update.LoggingInfoStream - [IW][Test worker]: return reader version=2 reader=StandardDirectoryReader(segments_1:2:nrt)
[Test worker] INFO org.apache.solr.update.LoggingInfoStream - [DW][Test worker]: Test worker finishFullFlush success=true
[Test worker] INFO org.apache.solr.update.LoggingInfoStream - [IW][Test worker]: getReader took 1 msec
[Test worker] INFO org.apache.solr.update.LoggingInfoStream - [IW][Test worker]: decRefDeleter for NRT reader version=2 segments=
[Test worker] INFO org.apache.solr.update.processor.LogUpdateProcessorFactory - [core]  webapp=null path=/update params={}{deleteByQuery=*:* (-1576087829207842816)} 0 2
[Test worker] INFO org.apache.solr.update.processor.LogUpdateProcessorFactory - [core]  webapp=null path=/update params={}{add=[P1 (1576087829239300096)]} 0 40
[Test worker] INFO org.apache.solr.update.processor.LogUpdateProcessorFactory - [core]  webapp=null path=/update params={}{add=[P2 (1576087829284388864)]} 0 8
[Test worker] INFO org.apache.solr.update.processor.LogUpdateProcessorFactory - [core]  webapp=null path=/update params={}{add=[P3 (1576087829293826048)]} 0 4
[Test worker] INFO org.apache.solr.update.processor.LogUpdateProcessorFactory - [core]  webapp=null path=/update params={}{add=[P4 (1576087829300117504)]} 0 4
[Test worker] INFO org.apache.solr.update.DirectUpdateHandler2 - start commit{,optimize=false,openSearcher=true,waitSearcher=true,expungeDeletes=false,softCommit=false,prepareCommit=false}
[Test worker] INFO org.apache.solr.update.LoggingInfoStream - [IW][Test worker]: commit: start
[Test worker] INFO org.apache.solr.update.LoggingInfoStream - [IW][Test worker]: commit: enter lock
[Test worker] INFO org.apache.solr.update.LoggingInfoStream - [IW][Test worker]: commit: now prepare
[Test worker] INFO org.apache.solr.update.LoggingInfoStream - [IW][Test worker]: prepareCommit: flush
[Test worker] INFO org.apache.solr.update.LoggingInfoStream - [IW][Test worker]:   index before flush 
[Test worker] INFO org.apache.solr.update.LoggingInfoStream - [DW][Test worker]: startFullFlush
[Test worker] INFO org.apache.solr.update.LoggingInfoStream - [DW][Test worker]: anyChanges? numDocsInRam=8 deletes=true hasTickets:false pendingChangesInFullFlush: false
[Test worker] INFO org.apache.solr.update.LoggingInfoStream - [DWFC][Test worker]: addFlushableState DocumentsWriterPerThread [pendingDeletes=gen=0 3 deleted terms (unique count=3) bytesUsed=522, segment=_0, aborted=false, numDocsInRAM=8, deleteQueue=DWDQ: [ generation: 3 ]]
[Test worker] INFO org.apache.solr.update.LoggingInfoStream - [DWPT][Test worker]: flush postings as segment _0 numDocs=8
[Test worker] INFO org.apache.solr.update.LoggingInfoStream - [IW][Test worker]: 2 msec to write norms
[Test worker] INFO org.apache.solr.update.LoggingInfoStream - [IW][Test worker]: 7 msec to write docValues
[Test worker] INFO org.apache.solr.update.LoggingInfoStream - [IW][Test worker]: 2 msec to finish stored fields
[Test worker] INFO org.apache.solr.update.LoggingInfoStream - [IW][Test worker]: 19 msec to write postings and finish vectors
[Test worker] INFO org.apache.solr.update.LoggingInfoStream - [IW][Test worker]: 1 msec to write fieldInfos
[Test worker] INFO org.apache.solr.update.LoggingInfoStream - [DWPT][Test worker]: new segment has 0 deleted docs
[Test worker] INFO org.apache.solr.update.LoggingInfoStream - [DWPT][Test worker]: new segment has no vectors; norms; docValues; prox; freqs
[Test worker] INFO org.apache.solr.update.LoggingInfoStream - [DWPT][Test worker]: flushedFiles=[_0_Lucene54_0.dvm, _0_Lucene50_0.doc, _0_Lucene50_0.tim, _0_Lucene50_0.pos, _0.nvd, _0.fdx, _0_Lucene54_0.dvd, _0_Lucene50_0.tip, _0.fdt, _0.nvm, _0.fnm]
[Test worker] INFO org.apache.solr.update.LoggingInfoStream - [DWPT][Test worker]: flushed codec=Lucene54
[Test worker] INFO org.apache.solr.update.LoggingInfoStream - [DWPT][Test worker]: flushed: segment=_0 ramUsed=0.449 MB newFlushedSize=0.006 MB docs/MB=1,312.36
[Test worker] INFO org.apache.solr.update.LoggingInfoStream - [DW][Test worker]: publishFlushedSegment seg-private updates=null
[Test worker] INFO org.apache.solr.update.LoggingInfoStream - [IW][Test worker]: publishFlushedSegment
[Test worker] INFO org.apache.solr.update.LoggingInfoStream - [BD][Test worker]: push deletes  4 deleted terms (unique count=4) bytesUsed=1072 segmentPrivate?=false delGen=6 packetCount=1 totBytesUsed=1072
[Test worker] INFO org.apache.solr.update.LoggingInfoStream - [IW][Test worker]: publish sets newSegment delGen=7 seg=_0(5.5.1):C8
[Test worker] INFO org.apache.solr.update.LoggingInfoStream - [IFD][Test worker]: now checkpoint "_0(5.5.1):C8" [1 segments ; isCommit = false]
[Test worker] INFO org.apache.solr.update.LoggingInfoStream - [IFD][Test worker]: 0 msec to checkpoint
[Test worker] INFO org.apache.solr.update.LoggingInfoStream - [IW][Test worker]: apply all deletes during flush
[Test worker] INFO org.apache.solr.update.LoggingInfoStream - [IW][Test worker]: now apply all deletes for all segments maxDoc=8
[Test worker] INFO org.apache.solr.update.LoggingInfoStream - [BD][Test worker]: applyDeletes: open segment readers took 0 msec
[Test worker] INFO org.apache.solr.update.LoggingInfoStream - [BD][Test worker]: applyDeletes: infos=[_0(5.5.1):C8] packetCount=1
[Test worker] INFO org.apache.solr.update.LoggingInfoStream - [BD][Test worker]: applyDeletes took 0 msec for 1 segments, 0 newly deleted docs (query deletes), 0 visited terms, allDeleted=null
[Test worker] INFO org.apache.solr.update.LoggingInfoStream - [BD][Test worker]: prune sis=segments_1: _0(5.5.1):C8 minGen=7 packetCount=1
[Test worker] INFO org.apache.solr.update.LoggingInfoStream - [BD][Test worker]: pruneDeletes: prune 1 packets; 0 packets remain
[Test worker] INFO org.apache.solr.update.LoggingInfoStream - [DW][Test worker]: Test worker finishFullFlush success=true
[Test worker] INFO org.apache.solr.update.LoggingInfoStream - [TMP][Test worker]: findMerges: 1 segments
[Test worker] INFO org.apache.solr.update.LoggingInfoStream - [TMP][Test worker]:   seg=_0(5.5.1):C8 size=0.006 MB [floored]
[Test worker] INFO org.apache.solr.update.LoggingInfoStream - [TMP][Test worker]:   allowedSegmentCount=1 vs count=1 (eligible count=1) tooBigCount=0
[Test worker] INFO org.apache.solr.update.LoggingInfoStream - [MS][Test worker]: initDynamicDefaults spins=false maxThreadCount=2 maxMergeCount=7
[Test worker] INFO org.apache.solr.update.LoggingInfoStream - [MS][Test worker]: now merge
[Test worker] INFO org.apache.solr.update.LoggingInfoStream - [MS][Test worker]:   index: _0(5.5.1):C8
[Test worker] INFO org.apache.solr.update.LoggingInfoStream - [MS][Test worker]:   no more merges pending; now return
[Test worker] INFO org.apache.solr.update.LoggingInfoStream - [IW][Test worker]: startCommit(): start
[Test worker] INFO org.apache.solr.update.LoggingInfoStream - [IW][Test worker]: startCommit index=_0(5.5.1):C8 changeCount=4
[Test worker] INFO org.apache.solr.update.LoggingInfoStream - [IW][Test worker]: startCommit: wrote pending segments file "pending_segments_2"
[Test worker] INFO org.apache.solr.update.LoggingInfoStream - [IW][Test worker]: done all syncs: [_0.si, _0_Lucene50_0.doc, _0_Lucene50_0.tim, _0_Lucene54_0.dvm, _0_Lucene50_0.pos, _0.nvd, _0.fdx, _0_Lucene54_0.dvd, _0_Lucene50_0.tip, _0.fdt, _0.nvm, _0.fnm]
[Test worker] INFO org.apache.solr.update.LoggingInfoStream - [IW][Test worker]: commit: pendingCommit != null
[Test worker] INFO org.apache.solr.update.LoggingInfoStream - [IW][Test worker]: commit: done writing segments file "segments_2"
[Test worker] INFO org.apache.solr.update.LoggingInfoStream - [IFD][Test worker]: now checkpoint "_0(5.5.1):C8" [1 segments ; isCommit = true]
[Test worker] INFO org.apache.solr.core.SolrDeletionPolicy - SolrDeletionPolicy.onCommit: commits: num=2
	commit{dir=NRTCachingDirectory(MMapDirectory@/tmp/solr-home6515053951725967708/core/data/index lockFactory=org.apache.lucene.store.NativeFSLockFactory@2c3d74f6; maxCacheMB=48.0 maxMergeSizeMB=4.0),segFN=segments_1,generation=1}
	commit{dir=NRTCachingDirectory(MMapDirectory@/tmp/solr-home6515053951725967708/core/data/index lockFactory=org.apache.lucene.store.NativeFSLockFactory@2c3d74f6; maxCacheMB=48.0 maxMergeSizeMB=4.0),segFN=segments_2,generation=2}
[Test worker] INFO org.apache.solr.core.SolrDeletionPolicy - newest commit generation = 2
[Test worker] INFO org.apache.solr.update.LoggingInfoStream - [IFD][Test worker]: deleteCommits: now decRef commit "segments_1"
[Test worker] INFO org.apache.solr.update.LoggingInfoStream - [IFD][Test worker]: delete "segments_1"
[Test worker] INFO org.apache.solr.update.LoggingInfoStream - [IFD][Test worker]: 0 msec to checkpoint
[Test worker] INFO org.apache.solr.update.LoggingInfoStream - [IW][Test worker]: commit: took 104.8 msec
[Test worker] INFO org.apache.solr.update.LoggingInfoStream - [IW][Test worker]: commit: done
[Test worker] INFO org.apache.solr.update.LoggingInfoStream - [IW][Test worker]: nrtIsCurrent: infoVersion matches: false; DW changes: false; BD changes: false
[Test worker] INFO org.apache.solr.update.LoggingInfoStream - [IW][Test worker]: flush at getReader
[Test worker] INFO org.apache.solr.update.LoggingInfoStream - [DW][Test worker]: startFullFlush
[Test worker] INFO org.apache.solr.update.LoggingInfoStream - [IW][Test worker]: apply all deletes during flush
[Test worker] INFO org.apache.solr.update.LoggingInfoStream - [IW][Test worker]: now apply all deletes for all segments maxDoc=8
[Test worker] INFO org.apache.solr.update.LoggingInfoStream - [BD][Test worker]: applyDeletes: open segment readers took 0 msec
[Test worker] INFO org.apache.solr.update.LoggingInfoStream - [BD][Test worker]: applyDeletes: no segments; skipping
[Test worker] INFO org.apache.solr.update.LoggingInfoStream - [BD][Test worker]: prune sis=segments_2: _0(5.5.1):C8 minGen=7 packetCount=0
[Test worker] INFO org.apache.solr.update.LoggingInfoStream - [IW][Test worker]: incRefDeleter for NRT reader version=6 segments=_0(5.5.1):C8
[Test worker] INFO org.apache.solr.update.LoggingInfoStream - [IW][Test worker]: return reader version=6 reader=StandardDirectoryReader(segments_2:6:nrt _0(5.5.1):C8)
[Test worker] INFO org.apache.solr.update.LoggingInfoStream - [DW][Test worker]: Test worker finishFullFlush success=true
[Test worker] INFO org.apache.solr.update.LoggingInfoStream - [IW][Test worker]: getReader took 29 msec
[Test worker] INFO org.apache.solr.search.SolrIndexSearcher - Opening Searcher@69728d2d[core] main
[Test worker] INFO org.apache.solr.update.DirectUpdateHandler2 - end_commit_flush
[searcherExecutor-7-thread-1] INFO org.apache.solr.handler.component.SpellCheckComponent - Building spell index for spell checker: default
[searcherExecutor-7-thread-1] INFO org.apache.solr.core.SolrCore - [core] Registered new searcher Searcher@69728d2d[core] main{ExitableDirectoryReader(UninvertingDirectoryReader(Uninverting(_0(5.5.1):C8)))}
[searcherExecutor-7-thread-1] INFO org.apache.solr.update.LoggingInfoStream - [IW][searcherExecutor-7-thread-1]: decRefDeleter for NRT reader version=2 segments=
[Test worker] INFO org.apache.solr.update.processor.LogUpdateProcessorFactory - [core]  webapp=null path=/update params={commit=true&softCommit=false&waitSearcher=true}{commit=} 0 199
[Test worker] INFO org.apache.solr.core.SolrCore.Request - [core]  webapp=null path=/select params={q=(*+AND+_type_:parent)+OR+_query_:"{!parent+which%3D_type_:parent}(_type_:child+AND+(*))"&fl=*,score&qf=dynamic_single_stored_none_shared_value^1.0+dynamic_single_stored_none_parent_value^1.0&defType=edismax&fq=(%2B_type_:parent+%2Bdynamic_single_stored_facet_string_shared_value:"red")+OR+({!parent+which%3D'_type_:parent'+v%3D'_type_:child+AND+dynamic_single_stored_facet_string_shared_value:"red"'})&facet=true&facet.mincount=1&facet.limit=10&json.facet={parent_facet:{type:terms,field:_id_,limit:999999999,mincount:1,sort:{index:asc},domain:{blockParent:"_type_:parent"},facet:{children_facet:{type:query,q:"%2B_type_:child+%2B(dynamic_single_stored_facet_string_shared_value:red)+AND+*",domain:{blockChildren:"_type_:parent"}}}}}&start=0&rows=10} hits=2 status=0 QTime=89
[Test worker] INFO org.apache.solr.update.processor.LogUpdateProcessorFactory - [core]  webapp=null path=/update params={}{add=[P2 (1576087829694382080)]} 0 5
[Test worker] INFO org.apache.solr.core.SolrCore.Request - [core]  webapp=null path=/select params={q=!(+_id_:P2)%26(_root_:P2)} hits=2 status=0 QTime=1
[Test worker] INFO org.apache.solr.core.SolrCore.Request - [core]  webapp=null path=/get params={qt=/get&ids=P2} status=0 QTime=1
[Test worker] INFO org.apache.solr.update.processor.LogUpdateProcessorFactory - [core]  webapp=null path=/update params={}{add=[P2 (1576087829710110720)]} 0 5
[Test worker] INFO org.apache.solr.update.LoggingInfoStream - [DW][Test worker]: anyChanges? numDocsInRam=4 deletes=true hasTickets:false pendingChangesInFullFlush: false
[Test worker] INFO org.apache.solr.update.LoggingInfoStream - [IW][Test worker]: nrtIsCurrent: infoVersion matches: false; DW changes: true; BD changes: false
[Test worker] INFO org.apache.solr.update.LoggingInfoStream - [IW][Test worker]: flush at getReader
[Test worker] INFO org.apache.solr.update.LoggingInfoStream - [DW][Test worker]: startFullFlush
[Test worker] INFO org.apache.solr.update.LoggingInfoStream - [DW][Test worker]: anyChanges? numDocsInRam=4 deletes=true hasTickets:false pendingChangesInFullFlush: false
[Test worker] INFO org.apache.solr.update.LoggingInfoStream - [DWFC][Test worker]: addFlushableState DocumentsWriterPerThread [pendingDeletes=gen=0 1 deleted terms (unique count=1) bytesUsed=174, segment=_1, aborted=false, numDocsInRAM=4, deleteQueue=DWDQ: [ generation: 5 ]]
[Test worker] INFO org.apache.solr.update.LoggingInfoStream - [DWPT][Test worker]: flush postings as segment _1 numDocs=4
[Test worker] INFO org.apache.solr.update.LoggingInfoStream - [IW][Test worker]: 0 msec to write norms
[Test worker] INFO org.apache.solr.update.LoggingInfoStream - [IW][Test worker]: 1 msec to write docValues
[Test worker] INFO org.apache.solr.update.LoggingInfoStream - [IW][Test worker]: 0 msec to finish stored fields
[Test worker] INFO org.apache.solr.update.LoggingInfoStream - [IW][Test worker]: 3 msec to write postings and finish vectors
[Test worker] INFO org.apache.solr.update.LoggingInfoStream - [IW][Test worker]: 0 msec to write fieldInfos
[Test worker] INFO org.apache.solr.update.LoggingInfoStream - [DWPT][Test worker]: new segment has 0 deleted docs
[Test worker] INFO org.apache.solr.update.LoggingInfoStream - [DWPT][Test worker]: new segment has no vectors; norms; docValues; prox; freqs
[Test worker] INFO org.apache.solr.update.LoggingInfoStream - [DWPT][Test worker]: flushedFiles=[_1_Lucene50_0.doc, _1_Lucene50_0.tim, _1_Lucene54_0.dvd, _1.nvd, _1_Lucene50_0.pos, _1.fdx, _1.nvm, _1_Lucene54_0.dvm, _1.fnm, _1.fdt, _1_Lucene50_0.tip]
[Test worker] INFO org.apache.solr.update.LoggingInfoStream - [DWPT][Test worker]: flushed codec=Lucene54
[Test worker] INFO org.apache.solr.update.LoggingInfoStream - [DWPT][Test worker]: flushed: segment=_1 ramUsed=0.447 MB newFlushedSize=0.005 MB docs/MB=738.954
[Test worker] INFO org.apache.solr.update.LoggingInfoStream - [DW][Test worker]: publishFlushedSegment seg-private updates= 1 deleted terms (unique count=0) 1 deleted queries bytesUsed=80
[Test worker] INFO org.apache.solr.update.LoggingInfoStream - [DW][Test worker]: flush: push buffered seg private updates:  1 deleted terms (unique count=0) 1 deleted queries bytesUsed=80
[Test worker] INFO org.apache.solr.update.LoggingInfoStream - [IW][Test worker]: publishFlushedSegment
[Test worker] INFO org.apache.solr.update.LoggingInfoStream - [BD][Test worker]: push deletes  2 deleted terms (unique count=2) 1 deleted queries bytesUsed=1104 segmentPrivate?=false delGen=10 packetCount=1 totBytesUsed=1104
[Test worker] INFO org.apache.solr.update.LoggingInfoStream - [BD][Test worker]: push deletes  1 deleted terms (unique count=0) 1 deleted queries bytesUsed=80 segmentPrivate?=true delGen=11 packetCount=2 totBytesUsed=1184
[Test worker] INFO org.apache.solr.update.LoggingInfoStream - [IW][Test worker]: publish sets newSegment delGen=11 seg=_1(5.5.1):C4
[Test worker] INFO org.apache.solr.update.LoggingInfoStream - [IFD][Test worker]: now checkpoint "_0(5.5.1):C8 _1(5.5.1):C4" [2 segments ; isCommit = false]
[Test worker] INFO org.apache.solr.update.LoggingInfoStream - [IFD][Test worker]: 0 msec to checkpoint
[Test worker] INFO org.apache.solr.update.LoggingInfoStream - [IW][Test worker]: apply all deletes during flush
[Test worker] INFO org.apache.solr.update.LoggingInfoStream - [IW][Test worker]: now apply all deletes for all segments maxDoc=12
[Test worker] INFO org.apache.solr.update.LoggingInfoStream - [BD][Test worker]: applyDeletes: open segment readers took 0 msec
[Test worker] INFO org.apache.solr.update.LoggingInfoStream - [BD][Test worker]: applyDeletes: infos=[_0(5.5.1):C8, _1(5.5.1):C4] packetCount=2
[Test worker] INFO org.apache.solr.update.LoggingInfoStream - [BD][Test worker]: applyTermDeletes took 0.9 msec for 2 segments and 1 packets; 2 del terms visited; 6 seg terms visited
[Test worker] INFO org.apache.solr.update.LoggingInfoStream - [BD][Test worker]: applyDeletes: 4 new deleted documents
[Test worker] INFO org.apache.solr.update.LoggingInfoStream - [BD][Test worker]: applyDeletes took 18 msec for 2 segments, 1 newly deleted docs (query deletes), 2 visited terms, allDeleted=null
[Test worker] INFO org.apache.solr.update.LoggingInfoStream - [IFD][Test worker]: now checkpoint "_0(5.5.1):C8/3 _1(5.5.1):C4/1" [2 segments ; isCommit = false]
[Test worker] INFO org.apache.solr.update.LoggingInfoStream - [IFD][Test worker]: 0 msec to checkpoint
[Test worker] INFO org.apache.solr.update.LoggingInfoStream - [BD][Test worker]: prune sis=segments_2: _0(5.5.1):C8 _1(5.5.1):C4 minGen=12 packetCount=2
[Test worker] INFO org.apache.solr.update.LoggingInfoStream - [BD][Test worker]: pruneDeletes: prune 2 packets; 0 packets remain
[Test worker] INFO org.apache.solr.update.LoggingInfoStream - [IW][Test worker]: incRefDeleter for NRT reader version=9 segments=_0(5.5.1):C8 _1(5.5.1):C4
[Test worker] INFO org.apache.solr.update.LoggingInfoStream - [IW][Test worker]: return reader version=9 reader=StandardDirectoryReader(segments_2:9:nrt _0(5.5.1):C8/3 _1(5.5.1):C4/1)
[Test worker] INFO org.apache.solr.update.LoggingInfoStream - [DW][Test worker]: Test worker finishFullFlush success=true
[Test worker] INFO org.apache.solr.update.LoggingInfoStream - [TMP][Test worker]: findMerges: 2 segments
[Test worker] INFO org.apache.solr.update.LoggingInfoStream - [TMP][Test worker]:   seg=_1(5.5.1):C4/1 size=0.004 MB [floored]
[Test worker] INFO org.apache.solr.update.LoggingInfoStream - [TMP][Test worker]:   seg=_0(5.5.1):C8/3 size=0.004 MB [floored]
[Test worker] INFO org.apache.solr.update.LoggingInfoStream - [TMP][Test worker]:   allowedSegmentCount=1 vs count=2 (eligible count=2) tooBigCount=0
[Test worker] INFO org.apache.solr.update.LoggingInfoStream - [MS][Test worker]: now merge
[Test worker] INFO org.apache.solr.update.LoggingInfoStream - [MS][Test worker]:   index: _0(5.5.1):C8/3 _1(5.5.1):C4/1
[Test worker] INFO org.apache.solr.update.LoggingInfoStream - [MS][Test worker]:   no more merges pending; now return
[Test worker] INFO org.apache.solr.update.LoggingInfoStream - [IW][Test worker]: getReader took 35 msec
[Test worker] INFO org.apache.solr.search.SolrIndexSearcher - Opening Searcher@5a75d17e[core] realtime
[Test worker] INFO org.apache.solr.update.processor.LogUpdateProcessorFactory - [core]  webapp=null path=/update params={}{deleteByQuery=_version_:1576087829694382080 AND _id_:P2 (-1576087829715353600)} 0 38
[Test worker] INFO org.apache.solr.update.DirectUpdateHandler2 - start commit{,optimize=false,openSearcher=true,waitSearcher=true,expungeDeletes=false,softCommit=false,prepareCommit=false}
[Test worker] INFO org.apache.solr.update.LoggingInfoStream - [IW][Test worker]: commit: start
[Test worker] INFO org.apache.solr.update.LoggingInfoStream - [IW][Test worker]: commit: enter lock
[Test worker] INFO org.apache.solr.update.LoggingInfoStream - [IW][Test worker]: commit: now prepare
[Test worker] INFO org.apache.solr.update.LoggingInfoStream - [IW][Test worker]: prepareCommit: flush
[Test worker] INFO org.apache.solr.update.LoggingInfoStream - [IW][Test worker]:   index before flush _0(5.5.1):C8/3 _1(5.5.1):C4/1
[Test worker] INFO org.apache.solr.update.LoggingInfoStream - [DW][Test worker]: startFullFlush
[Test worker] INFO org.apache.solr.update.LoggingInfoStream - [IW][Test worker]: apply all deletes during flush
[Test worker] INFO org.apache.solr.update.LoggingInfoStream - [IW][Test worker]: now apply all deletes for all segments maxDoc=12
[Test worker] INFO org.apache.solr.update.LoggingInfoStream - [BD][Test worker]: applyDeletes: open segment readers took 0 msec
[Test worker] INFO org.apache.solr.update.LoggingInfoStream - [BD][Test worker]: applyDeletes: no segments; skipping
[Test worker] INFO org.apache.solr.update.LoggingInfoStream - [BD][Test worker]: prune sis=segments_2: _0(5.5.1):C8 _1(5.5.1):C4 minGen=12 packetCount=0
[Test worker] INFO org.apache.solr.update.LoggingInfoStream - [IFD][Test worker]: now checkpoint "_0(5.5.1):C8/3:delGen=1 _1(5.5.1):C4/1" [2 segments ; isCommit = false]
[Test worker] INFO org.apache.solr.update.LoggingInfoStream - [IFD][Test worker]: 0 msec to checkpoint
[Test worker] INFO org.apache.solr.update.LoggingInfoStream - [IFD][Test worker]: now checkpoint "_0(5.5.1):C8/3:delGen=1 _1(5.5.1):C4/1:delGen=1" [2 segments ; isCommit = false]
[Test worker] INFO org.apache.solr.update.LoggingInfoStream - [IFD][Test worker]: 0 msec to checkpoint
[Test worker] INFO org.apache.solr.update.LoggingInfoStream - [DW][Test worker]: Test worker finishFullFlush success=true
[Test worker] INFO org.apache.solr.update.LoggingInfoStream - [IW][Test worker]: startCommit(): start
[Test worker] INFO org.apache.solr.update.LoggingInfoStream - [IW][Test worker]: startCommit index=_0(5.5.1):C8/3:delGen=1 _1(5.5.1):C4/1:delGen=1 changeCount=11
[Test worker] INFO org.apache.solr.update.LoggingInfoStream - [IW][Test worker]: startCommit: wrote pending segments file "pending_segments_3"
[Test worker] INFO org.apache.solr.update.LoggingInfoStream - [IW][Test worker]: done all syncs: [_0_Lucene50_0.doc, _1.si, _1.nvd, _0.nvd, _1_1.liv, _1.nvm, _1.fnm, _1_Lucene50_0.tim, _1_Lucene50_0.pos, _1.fdx, _1.fdt, _1_Lucene50_0.tip, _0.si, _0_Lucene50_0.tim, _0_Lucene50_0.pos, _0.fdx, _0_Lucene50_0.tip, _0.fdt, _0_1.liv, _1_Lucene50_0.doc, _0_Lucene54_0.dvm, _1_Lucene54_0.dvd, _0_Lucene54_0.dvd, _1_Lucene54_0.dvm, _0.nvm, _0.fnm]
[Test worker] INFO org.apache.solr.update.LoggingInfoStream - [IW][Test worker]: commit: pendingCommit != null
[Test worker] INFO org.apache.solr.update.LoggingInfoStream - [IW][Test worker]: commit: done writing segments file "segments_3"
[Test worker] INFO org.apache.solr.update.LoggingInfoStream - [IFD][Test worker]: now checkpoint "_0(5.5.1):C8/3:delGen=1 _1(5.5.1):C4/1:delGen=1" [2 segments ; isCommit = true]
[Test worker] INFO org.apache.solr.core.SolrDeletionPolicy - SolrDeletionPolicy.onCommit: commits: num=2
	commit{dir=NRTCachingDirectory(MMapDirectory@/tmp/solr-home6515053951725967708/core/data/index lockFactory=org.apache.lucene.store.NativeFSLockFactory@2c3d74f6; maxCacheMB=48.0 maxMergeSizeMB=4.0),segFN=segments_2,generation=2}
	commit{dir=NRTCachingDirectory(MMapDirectory@/tmp/solr-home6515053951725967708/core/data/index lockFactory=org.apache.lucene.store.NativeFSLockFactory@2c3d74f6; maxCacheMB=48.0 maxMergeSizeMB=4.0),segFN=segments_3,generation=3}
[Test worker] INFO org.apache.solr.core.SolrDeletionPolicy - newest commit generation = 3
[Test worker] INFO org.apache.solr.update.LoggingInfoStream - [IFD][Test worker]: deleteCommits: now decRef commit "segments_2"
[Test worker] INFO org.apache.solr.update.LoggingInfoStream - [IFD][Test worker]: delete "segments_2"
[Test worker] INFO org.apache.solr.update.LoggingInfoStream - [IFD][Test worker]: 0 msec to checkpoint
[Test worker] INFO org.apache.solr.update.LoggingInfoStream - [IW][Test worker]: commit: took 66.6 msec
[Test worker] INFO org.apache.solr.update.LoggingInfoStream - [IW][Test worker]: commit: done
[Test worker] INFO org.apache.solr.update.LoggingInfoStream - [IW][Test worker]: nrtIsCurrent: infoVersion matches: false; DW changes: false; BD changes: false
[Test worker] INFO org.apache.solr.update.LoggingInfoStream - [IW][Test worker]: flush at getReader
[Test worker] INFO org.apache.solr.update.LoggingInfoStream - [DW][Test worker]: startFullFlush
[Test worker] INFO org.apache.solr.update.LoggingInfoStream - [IW][Test worker]: apply all deletes during flush
[Test worker] INFO org.apache.solr.update.LoggingInfoStream - [IW][Test worker]: now apply all deletes for all segments maxDoc=12
[Test worker] INFO org.apache.solr.update.LoggingInfoStream - [BD][Test worker]: applyDeletes: open segment readers took 0 msec
[Test worker] INFO org.apache.solr.update.LoggingInfoStream - [BD][Test worker]: applyDeletes: no segments; skipping
[Test worker] INFO org.apache.solr.update.LoggingInfoStream - [BD][Test worker]: prune sis=segments_3: _0(5.5.1):C8/3:delGen=1 _1(5.5.1):C4/1:delGen=1 minGen=12 packetCount=0
[Test worker] INFO org.apache.solr.update.LoggingInfoStream - [IW][Test worker]: incRefDeleter for NRT reader version=11 segments=_0(5.5.1):C8/3:delGen=1 _1(5.5.1):C4/1:delGen=1
[Test worker] INFO org.apache.solr.update.LoggingInfoStream - [IW][Test worker]: return reader version=11 reader=StandardDirectoryReader(segments_3:11:nrt _0(5.5.1):C8/3:delGen=1 _1(5.5.1):C4/1:delGen=1)
[Test worker] INFO org.apache.solr.update.LoggingInfoStream - [DW][Test worker]: Test worker finishFullFlush success=true
[Test worker] INFO org.apache.solr.update.LoggingInfoStream - [IW][Test worker]: getReader took 1 msec
[Test worker] INFO org.apache.solr.search.SolrIndexSearcher - Opening Searcher@16e4f0f0[core] main
[Test worker] INFO org.apache.solr.update.LoggingInfoStream - [IW][Test worker]: decRefDeleter for NRT reader version=9 segments=_0(5.5.1):C8 _1(5.5.1):C4
[searcherExecutor-7-thread-1] INFO org.apache.solr.handler.component.SpellCheckComponent - Index is not optimized therefore skipping building spell check index for: default
[searcherExecutor-7-thread-1] INFO org.apache.solr.core.SolrCore - [core] Registered new searcher Searcher@16e4f0f0[core] main{ExitableDirectoryReader(UninvertingDirectoryReader(Uninverting(_0(5.5.1):C8/3:delGen=1) Uninverting(_1(5.5.1):C4/1:delGen=1)))}
[searcherExecutor-7-thread-1] INFO org.apache.solr.update.LoggingInfoStream - [IW][searcherExecutor-7-thread-1]: decRefDeleter for NRT reader version=6 segments=_0(5.5.1):C8
[Test worker] INFO org.apache.solr.update.DirectUpdateHandler2 - end_commit_flush
[Test worker] INFO org.apache.solr.update.processor.LogUpdateProcessorFactory - [core]  webapp=null path=/update params={commit=true&softCommit=false&waitSearcher=true}{commit=} 0 70
[Test worker] INFO org.apache.solr.core.SolrCore.Request - [core]  webapp=null path=/select params={q=*&fl=*,score&qf=dynamic_single_stored_none_shared_value^1.0+dynamic_single_stored_none_parent_value^1.0&defType=edismax&fq=_type_:parent&fq=dynamic_single_stored_facet_string_parent_value:"pink"&start=0&rows=10} hits=1 status=0 QTime=4
[Test worker] INFO org.apache.solr.core.SolrCore.Request - [core]  webapp=null path=/select params={q=(*+AND+_type_:parent)+OR+_query_:"{!parent+which%3D_type_:parent}(_type_:child+AND+(*))"&fl=*,score&qf=dynamic_single_stored_none_shared_value^1.0+dynamic_single_stored_none_parent_value^1.0&defType=edismax&fq=(%2B_type_:parent+%2Bdynamic_single_stored_facet_string_shared_value:"red")+OR+({!parent+which%3D'_type_:parent'+v%3D'_type_:child+AND+dynamic_single_stored_facet_string_shared_value:"red"'})&facet=true&facet.mincount=1&facet.limit=10&json.facet={parent_facet:{type:terms,field:_id_,limit:999999999,mincount:1,sort:{index:asc},domain:{blockParent:"_type_:parent"},facet:{children_facet:{type:query,q:"%2B_type_:child+%2B(dynamic_single_stored_facet_string_shared_value:red)+AND+*",domain:{blockChildren:"_type_:parent"}}}}}&start=0&rows=10} hits=2 status=0 QTime=13
[Test worker] INFO org.apache.solr.update.processor.LogUpdateProcessorFactory - [core]  webapp=null path=/update params={}{add=[P2 (1576087829855862784)]} 0 6
[Test worker] INFO org.apache.solr.core.SolrCore.Request - [core]  webapp=null path=/select params={q=!(+_id_:P2)%26(_root_:P2)} hits=2 status=0 QTime=1
[Test worker] INFO org.apache.solr.core.SolrCore.Request - [core]  webapp=null path=/get params={qt=/get&ids=P2} status=0 QTime=0
[Test worker] INFO org.apache.solr.update.processor.LogUpdateProcessorFactory - [core]  webapp=null path=/update params={}{add=[P2 (1576087829866348544)]} 0 6
[Test worker] INFO org.apache.solr.update.LoggingInfoStream - [DW][Test worker]: anyChanges? numDocsInRam=4 deletes=true hasTickets:false pendingChangesInFullFlush: false
[Test worker] INFO org.apache.solr.update.LoggingInfoStream - [IW][Test worker]: nrtIsCurrent: infoVersion matches: false; DW changes: true; BD changes: false
[Test worker] INFO org.apache.solr.update.LoggingInfoStream - [IW][Test worker]: flush at getReader
[Test worker] INFO org.apache.solr.update.LoggingInfoStream - [DW][Test worker]: startFullFlush
[Test worker] INFO org.apache.solr.update.LoggingInfoStream - [DW][Test worker]: anyChanges? numDocsInRam=4 deletes=true hasTickets:false pendingChangesInFullFlush: false
[Test worker] INFO org.apache.solr.update.LoggingInfoStream - [DWFC][Test worker]: addFlushableState DocumentsWriterPerThread [pendingDeletes=gen=0 1 deleted terms (unique count=1) bytesUsed=174, segment=_2, aborted=false, numDocsInRAM=4, deleteQueue=DWDQ: [ generation: 8 ]]
[Test worker] INFO org.apache.solr.update.LoggingInfoStream - [DWPT][Test worker]: flush postings as segment _2 numDocs=4
[Test worker] INFO org.apache.solr.update.LoggingInfoStream - [IW][Test worker]: 0 msec to write norms
[Test worker] INFO org.apache.solr.update.LoggingInfoStream - [IW][Test worker]: 1 msec to write docValues
[Test worker] INFO org.apache.solr.update.LoggingInfoStream - [IW][Test worker]: 0 msec to finish stored fields
[Test worker] INFO org.apache.solr.update.LoggingInfoStream - [IW][Test worker]: 4 msec to write postings and finish vectors
[Test worker] INFO org.apache.solr.update.LoggingInfoStream - [IW][Test worker]: 0 msec to write fieldInfos
[Test worker] INFO org.apache.solr.update.LoggingInfoStream - [DWPT][Test worker]: new segment has 0 deleted docs
[Test worker] INFO org.apache.solr.update.LoggingInfoStream - [DWPT][Test worker]: new segment has no vectors; norms; docValues; prox; freqs
[Test worker] INFO org.apache.solr.update.LoggingInfoStream - [DWPT][Test worker]: flushedFiles=[_2_Lucene54_0.dvd, _2.nvd, _2.fdt, _2.nvm, _2_Lucene54_0.dvm, _2_Lucene50_0.pos, _2.fnm, _2.fdx, _2_Lucene50_0.doc, _2_Lucene50_0.tim, _2_Lucene50_0.tip]
[Test worker] INFO org.apache.solr.update.LoggingInfoStream - [DWPT][Test worker]: flushed codec=Lucene54
[Test worker] INFO org.apache.solr.update.LoggingInfoStream - [DWPT][Test worker]: flushed: segment=_2 ramUsed=0.447 MB newFlushedSize=0.006 MB docs/MB=719.929
[Test worker] INFO org.apache.solr.update.LoggingInfoStream - [DW][Test worker]: publishFlushedSegment seg-private updates= 1 deleted terms (unique count=0) 1 deleted queries bytesUsed=80
[Test worker] INFO org.apache.solr.update.LoggingInfoStream - [DW][Test worker]: flush: push buffered seg private updates:  1 deleted terms (unique count=0) 1 deleted queries bytesUsed=80
[Test worker] INFO org.apache.solr.update.LoggingInfoStream - [IW][Test worker]: publishFlushedSegment
[Test worker] INFO org.apache.solr.update.LoggingInfoStream - [BD][Test worker]: push deletes  2 deleted terms (unique count=2) 1 deleted queries bytesUsed=1104 segmentPrivate?=false delGen=15 packetCount=1 totBytesUsed=1104
[Test worker] INFO org.apache.solr.update.LoggingInfoStream - [BD][Test worker]: push deletes  1 deleted terms (unique count=0) 1 deleted queries bytesUsed=80 segmentPrivate?=true delGen=16 packetCount=2 totBytesUsed=1184
[Test worker] INFO org.apache.solr.update.LoggingInfoStream - [IW][Test worker]: publish sets newSegment delGen=16 seg=_2(5.5.1):C4
[Test worker] INFO org.apache.solr.update.LoggingInfoStream - [IFD][Test worker]: now checkpoint "_0(5.5.1):C8/3:delGen=1 _1(5.5.1):C4/1:delGen=1 _2(5.5.1):C4" [3 segments ; isCommit = false]
[Test worker] INFO org.apache.solr.update.LoggingInfoStream - [IFD][Test worker]: 0 msec to checkpoint
[Test worker] INFO org.apache.solr.update.LoggingInfoStream - [IW][Test worker]: apply all deletes during flush
[Test worker] INFO org.apache.solr.update.LoggingInfoStream - [IW][Test worker]: now apply all deletes for all segments maxDoc=16
[Test worker] INFO org.apache.solr.update.LoggingInfoStream - [BD][Test worker]: applyDeletes: open segment readers took 0 msec
[Test worker] INFO org.apache.solr.update.LoggingInfoStream - [BD][Test worker]: applyDeletes: infos=[_0(5.5.1):C8/3:delGen=1, _1(5.5.1):C4/1:delGen=1, _2(5.5.1):C4] packetCount=2
[Test worker] INFO org.apache.solr.update.LoggingInfoStream - [BD][Test worker]: applyTermDeletes took 0.5 msec for 3 segments and 1 packets; 2 del terms visited; 8 seg terms visited
[Test worker] INFO org.apache.solr.update.LoggingInfoStream - [BD][Test worker]: applyDeletes: 4 new deleted documents
[Test worker] INFO org.apache.solr.update.LoggingInfoStream - [BD][Test worker]: applyDeletes took 5 msec for 3 segments, 1 newly deleted docs (query deletes), 2 visited terms, allDeleted=[_1(5.5.1):C4/1:delGen=1]
[Test worker] INFO org.apache.solr.update.LoggingInfoStream - [IFD][Test worker]: now checkpoint "_0(5.5.1):C8/3:delGen=1 _1(5.5.1):C4/4:delGen=1 _2(5.5.1):C4/1" [3 segments ; isCommit = false]
[Test worker] INFO org.apache.solr.update.LoggingInfoStream - [IFD][Test worker]: 0 msec to checkpoint
[Test worker] INFO org.apache.solr.update.LoggingInfoStream - [IW][Test worker]: drop 100% deleted segments: _1(5.5.1):C4/4:delGen=1
[Test worker] INFO org.apache.solr.update.LoggingInfoStream - [IFD][Test worker]: now checkpoint "_0(5.5.1):C8/3:delGen=1 _2(5.5.1):C4/1" [2 segments ; isCommit = false]
[Test worker] INFO org.apache.solr.update.LoggingInfoStream - [IFD][Test worker]: 0 msec to checkpoint
[Test worker] INFO org.apache.solr.update.LoggingInfoStream - [BD][Test worker]: prune sis=segments_3: _0(5.5.1):C8/3:delGen=1 _2(5.5.1):C4 minGen=17 packetCount=2
[Test worker] INFO org.apache.solr.update.LoggingInfoStream - [BD][Test worker]: pruneDeletes: prune 2 packets; 0 packets remain
[Test worker] INFO org.apache.solr.update.LoggingInfoStream - [IW][Test worker]: incRefDeleter for NRT reader version=15 segments=_0(5.5.1):C8/3:delGen=1 _2(5.5.1):C4
[Test worker] INFO org.apache.solr.update.LoggingInfoStream - [IW][Test worker]: return reader version=15 reader=StandardDirectoryReader(segments_3:15:nrt _0(5.5.1):C8/3:delGen=1 _2(5.5.1):C4/1)
[Test worker] INFO org.apache.solr.update.LoggingInfoStream - [DW][Test worker]: Test worker finishFullFlush success=true
[Test worker] INFO org.apache.solr.update.LoggingInfoStream - [TMP][Test worker]: findMerges: 2 segments
[Test worker] INFO org.apache.solr.update.LoggingInfoStream - [TMP][Test worker]:   seg=_2(5.5.1):C4/1 size=0.004 MB [floored]
[Test worker] INFO org.apache.solr.update.LoggingInfoStream - [TMP][Test worker]:   seg=_0(5.5.1):C8/3:delGen=1 size=0.004 MB [floored]
[Test worker] INFO org.apache.solr.update.LoggingInfoStream - [TMP][Test worker]:   allowedSegmentCount=1 vs count=2 (eligible count=2) tooBigCount=0
[Test worker] INFO org.apache.solr.update.LoggingInfoStream - [MS][Test worker]: now merge
[Test worker] INFO org.apache.solr.update.LoggingInfoStream - [MS][Test worker]:   index: _0(5.5.1):C8/3:delGen=1 _2(5.5.1):C4/1
[Test worker] INFO org.apache.solr.update.LoggingInfoStream - [MS][Test worker]:   no more merges pending; now return
[Test worker] INFO org.apache.solr.update.LoggingInfoStream - [IW][Test worker]: getReader took 19 msec
[Test worker] INFO org.apache.solr.search.SolrIndexSearcher - Opening Searcher@607c64d2[core] realtime
[Test worker] INFO org.apache.solr.update.processor.LogUpdateProcessorFactory - [core]  webapp=null path=/update params={}{deleteByQuery=_version_:1576087829855862784 AND _id_:P2 (-1576087829871591424)} 0 21
[Test worker] INFO org.apache.solr.update.DirectUpdateHandler2 - start commit{,optimize=false,openSearcher=true,waitSearcher=true,expungeDeletes=false,softCommit=false,prepareCommit=false}
[Test worker] INFO org.apache.solr.update.LoggingInfoStream - [IW][Test worker]: commit: start
[Test worker] INFO org.apache.solr.update.LoggingInfoStream - [IW][Test worker]: commit: enter lock
[Test worker] INFO org.apache.solr.update.LoggingInfoStream - [IW][Test worker]: commit: now prepare
[Test worker] INFO org.apache.solr.update.LoggingInfoStream - [IW][Test worker]: prepareCommit: flush
[Test worker] INFO org.apache.solr.update.LoggingInfoStream - [IW][Test worker]:   index before flush _0(5.5.1):C8/3:delGen=1 _2(5.5.1):C4/1
[Test worker] INFO org.apache.solr.update.LoggingInfoStream - [DW][Test worker]: startFullFlush
[Test worker] INFO org.apache.solr.update.LoggingInfoStream - [IW][Test worker]: apply all deletes during flush
[Test worker] INFO org.apache.solr.update.LoggingInfoStream - [IW][Test worker]: now apply all deletes for all segments maxDoc=12
[Test worker] INFO org.apache.solr.update.LoggingInfoStream - [BD][Test worker]: applyDeletes: open segment readers took 0 msec
[Test worker] INFO org.apache.solr.update.LoggingInfoStream - [BD][Test worker]: applyDeletes: no segments; skipping
[Test worker] INFO org.apache.solr.update.LoggingInfoStream - [BD][Test worker]: prune sis=segments_3: _0(5.5.1):C8/3:delGen=1 _2(5.5.1):C4 minGen=17 packetCount=0
[Test worker] INFO org.apache.solr.update.LoggingInfoStream - [IFD][Test worker]: now checkpoint "_0(5.5.1):C8/3:delGen=1 _2(5.5.1):C4/1:delGen=1" [2 segments ; isCommit = false]
[Test worker] INFO org.apache.solr.update.LoggingInfoStream - [IFD][Test worker]: 0 msec to checkpoint
[Test worker] INFO org.apache.solr.update.LoggingInfoStream - [DW][Test worker]: Test worker finishFullFlush success=true
[Test worker] INFO org.apache.solr.update.LoggingInfoStream - [IW][Test worker]: startCommit(): start
[Test worker] INFO org.apache.solr.update.LoggingInfoStream - [IW][Test worker]: startCommit index=_0(5.5.1):C8/3:delGen=1 _2(5.5.1):C4/1:delGen=1 changeCount=18
[Test worker] INFO org.apache.solr.update.LoggingInfoStream - [IW][Test worker]: startCommit: wrote pending segments file "pending_segments_4"
[Test worker] INFO org.apache.solr.update.LoggingInfoStream - [IW][Test worker]: done all syncs: [_0_Lucene50_0.doc, _0.nvd, _2.fdt, _2_Lucene50_0.pos, _2.fdx, _2_Lucene50_0.tim, _2_Lucene50_0.tip, _2.nvd, _2.nvm, _2.fnm, _2_Lucene54_0.dvd, _0.si, _0_Lucene50_0.tim, _2.si, _0_Lucene50_0.pos, _2_Lucene54_0.dvm, _0.fdx, _0_Lucene50_0.tip, _2_Lucene50_0.doc, _0.fdt, _0_1.liv, _0_Lucene54_0.dvm, _0_Lucene54_0.dvd, _2_1.liv, _0.nvm, _0.fnm]
[Test worker] INFO org.apache.solr.update.LoggingInfoStream - [IW][Test worker]: commit: pendingCommit != null
[Test worker] INFO org.apache.solr.update.LoggingInfoStream - [IW][Test worker]: commit: done writing segments file "segments_4"
[Test worker] INFO org.apache.solr.update.LoggingInfoStream - [IFD][Test worker]: now checkpoint "_0(5.5.1):C8/3:delGen=1 _2(5.5.1):C4/1:delGen=1" [2 segments ; isCommit = true]
[Test worker] INFO org.apache.solr.core.SolrDeletionPolicy - SolrDeletionPolicy.onCommit: commits: num=2
	commit{dir=NRTCachingDirectory(MMapDirectory@/tmp/solr-home6515053951725967708/core/data/index lockFactory=org.apache.lucene.store.NativeFSLockFactory@2c3d74f6; maxCacheMB=48.0 maxMergeSizeMB=4.0),segFN=segments_3,generation=3}
	commit{dir=NRTCachingDirectory(MMapDirectory@/tmp/solr-home6515053951725967708/core/data/index lockFactory=org.apache.lucene.store.NativeFSLockFactory@2c3d74f6; maxCacheMB=48.0 maxMergeSizeMB=4.0),segFN=segments_4,generation=4}
[Test worker] INFO org.apache.solr.core.SolrDeletionPolicy - newest commit generation = 4
[Test worker] INFO org.apache.solr.update.LoggingInfoStream - [IFD][Test worker]: deleteCommits: now decRef commit "segments_3"
[Test worker] INFO org.apache.solr.update.LoggingInfoStream - [IFD][Test worker]: delete "segments_3"
[Test worker] INFO org.apache.solr.update.LoggingInfoStream - [IFD][Test worker]: 0 msec to checkpoint
[Test worker] INFO org.apache.solr.update.LoggingInfoStream - [IW][Test worker]: commit: took 70.2 msec
[Test worker] INFO org.apache.solr.update.LoggingInfoStream - [IW][Test worker]: commit: done
[Test worker] INFO org.apache.solr.update.LoggingInfoStream - [IW][Test worker]: nrtIsCurrent: infoVersion matches: false; DW changes: false; BD changes: false
[Test worker] INFO org.apache.solr.update.LoggingInfoStream - [IW][Test worker]: flush at getReader
[Test worker] INFO org.apache.solr.update.LoggingInfoStream - [DW][Test worker]: startFullFlush
[Test worker] INFO org.apache.solr.update.LoggingInfoStream - [IW][Test worker]: apply all deletes during flush
[Test worker] INFO org.apache.solr.update.LoggingInfoStream - [IW][Test worker]: now apply all deletes for all segments maxDoc=12
[Test worker] INFO org.apache.solr.update.LoggingInfoStream - [BD][Test worker]: applyDeletes: open segment readers took 0 msec
[Test worker] INFO org.apache.solr.update.LoggingInfoStream - [BD][Test worker]: applyDeletes: no segments; skipping
[Test worker] INFO org.apache.solr.update.LoggingInfoStream - [BD][Test worker]: prune sis=segments_4: _0(5.5.1):C8/3:delGen=1 _2(5.5.1):C4/1:delGen=1 minGen=17 packetCount=0
[Test worker] INFO org.apache.solr.update.LoggingInfoStream - [IW][Test worker]: incRefDeleter for NRT reader version=17 segments=_0(5.5.1):C8/3:delGen=1 _2(5.5.1):C4/1:delGen=1
[Test worker] INFO org.apache.solr.update.LoggingInfoStream - [IW][Test worker]: return reader version=17 reader=StandardDirectoryReader(segments_4:17:nrt _0(5.5.1):C8/3:delGen=1 _2(5.5.1):C4/1:delGen=1)
[Test worker] INFO org.apache.solr.update.LoggingInfoStream - [DW][Test worker]: Test worker finishFullFlush success=true
[Test worker] INFO org.apache.solr.update.LoggingInfoStream - [IW][Test worker]: getReader took 1 msec
[Test worker] INFO org.apache.solr.search.SolrIndexSearcher - Opening Searcher@90391c4[core] main
[Test worker] INFO org.apache.solr.update.LoggingInfoStream - [IW][Test worker]: decRefDeleter for NRT reader version=15 segments=_0(5.5.1):C8/3:delGen=1 _2(5.5.1):C4
[searcherExecutor-7-thread-1] INFO org.apache.solr.handler.component.SpellCheckComponent - Index is not optimized therefore skipping building spell check index for: default
[searcherExecutor-7-thread-1] INFO org.apache.solr.core.SolrCore - [core] Registered new searcher Searcher@90391c4[core] main{ExitableDirectoryReader(UninvertingDirectoryReader(Uninverting(_0(5.5.1):C8/3:delGen=1) Uninverting(_2(5.5.1):C4/1:delGen=1)))}
[searcherExecutor-7-thread-1] INFO org.apache.solr.update.LoggingInfoStream - [IFD][searcherExecutor-7-thread-1]: delete "_1.si"
[searcherExecutor-7-thread-1] INFO org.apache.solr.update.LoggingInfoStream - [IFD][searcherExecutor-7-thread-1]: delete "_1.nvd"
[searcherExecutor-7-thread-1] INFO org.apache.solr.update.LoggingInfoStream - [IFD][searcherExecutor-7-thread-1]: delete "_1_1.liv"
[searcherExecutor-7-thread-1] INFO org.apache.solr.update.LoggingInfoStream - [IFD][searcherExecutor-7-thread-1]: delete "_1.nvm"
[searcherExecutor-7-thread-1] INFO org.apache.solr.update.LoggingInfoStream - [IFD][searcherExecutor-7-thread-1]: delete "_1.fnm"
[searcherExecutor-7-thread-1] INFO org.apache.solr.update.LoggingInfoStream - [IFD][searcherExecutor-7-thread-1]: delete "_1_Lucene50_0.tim"
[searcherExecutor-7-thread-1] INFO org.apache.solr.update.LoggingInfoStream - [IFD][searcherExecutor-7-thread-1]: delete "_1_Lucene50_0.doc"
[searcherExecutor-7-thread-1] INFO org.apache.solr.update.LoggingInfoStream - [IFD][searcherExecutor-7-thread-1]: delete "_1_Lucene54_0.dvd"
[searcherExecutor-7-thread-1] INFO org.apache.solr.update.LoggingInfoStream - [IFD][searcherExecutor-7-thread-1]: delete "_1_Lucene50_0.pos"
[searcherExecutor-7-thread-1] INFO org.apache.solr.update.LoggingInfoStream - [IFD][searcherExecutor-7-thread-1]: delete "_1.fdx"
[searcherExecutor-7-thread-1] INFO org.apache.solr.update.LoggingInfoStream - [IFD][searcherExecutor-7-thread-1]: delete "_1_Lucene54_0.dvm"
[searcherExecutor-7-thread-1] INFO org.apache.solr.update.LoggingInfoStream - [IFD][searcherExecutor-7-thread-1]: delete "_1.fdt"
[searcherExecutor-7-thread-1] INFO org.apache.solr.update.LoggingInfoStream - [IFD][searcherExecutor-7-thread-1]: delete "_1_Lucene50_0.tip"
[searcherExecutor-7-thread-1] INFO org.apache.solr.update.LoggingInfoStream - [IW][searcherExecutor-7-thread-1]: decRefDeleter for NRT reader version=11 segments=_0(5.5.1):C8/3:delGen=1 _1(5.5.1):C4/1:delGen=1
[Test worker] INFO org.apache.solr.update.DirectUpdateHandler2 - end_commit_flush
[Test worker] INFO org.apache.solr.update.processor.LogUpdateProcessorFactory - [core]  webapp=null path=/update params={commit=true&softCommit=false&waitSearcher=true}{commit=} 0 75
[Test worker] INFO org.apache.solr.core.SolrCore.Request - [core]  webapp=null path=/select params={q=*&fl=*,score&qf=dynamic_single_stored_none_shared_value^1.0+dynamic_single_stored_none_parent_value^1.0&defType=edismax&fq=_type_:parent&fq=dynamic_single_stored_facet_string_parent_value:"neon-orange"&start=0&rows=10} hits=1 status=0 QTime=1
[Test worker] INFO org.apache.solr.core.SolrCore.Request - [core]  webapp=null path=/select params={q=(*+AND+_type_:parent)+OR+_query_:"{!parent+which%3D_type_:parent}(_type_:child+AND+(*))"&fl=*,score&qf=dynamic_single_stored_none_shared_value^1.0+dynamic_single_stored_none_parent_value^1.0&defType=edismax&fq=(%2B_type_:parent+%2Bdynamic_single_stored_facet_string_shared_value:"red")+OR+({!parent+which%3D'_type_:parent'+v%3D'_type_:child+AND+dynamic_single_stored_facet_string_shared_value:"red"'})&facet=true&facet.mincount=1&facet.limit=10&json.facet={parent_facet:{type:terms,field:_id_,limit:999999999,mincount:1,sort:{index:asc},domain:{blockParent:"_type_:parent"},facet:{children_facet:{type:query,q:"%2B_type_:child+%2B(dynamic_single_stored_facet_string_shared_value:red)+AND+*",domain:{blockChildren:"_type_:parent"}}}}}&start=0&rows=10} hits=2 status=0 QTime=7
[Test worker] INFO org.apache.solr.update.processor.LogUpdateProcessorFactory - [core]  webapp=null path=/update params={}{add=[P2 (1576087829990080512)]} 0 7
[Test worker] INFO org.apache.solr.core.SolrCore.Request - [core]  webapp=null path=/select params={q=*&fl=*,score&qf=dynamic_single_stored_none_shared_value^1.0+dynamic_single_stored_none_parent_value^1.0&defType=edismax&fq=_type_:parent&fq=dynamic_single_stored_facet_string_parent_value:"neon-orange"&start=0&rows=10} hits=1 status=0 QTime=1
[Test worker] INFO org.apache.solr.core.SolrCore.Request - [core]  webapp=null path=/select params={q=(*+AND+_type_:parent)+OR+_query_:"{!parent+which%3D_type_:parent}(_type_:child+AND+(*))"&fl=*,score&qf=dynamic_single_stored_none_shared_value^1.0+dynamic_single_stored_none_parent_value^1.0&defType=edismax&fq=(%2B_type_:parent+%2Bdynamic_single_stored_facet_string_shared_value:"red")+OR+({!parent+which%3D'_type_:parent'+v%3D'_type_:child+AND+dynamic_single_stored_facet_string_shared_value:"red"'})&facet=true&facet.mincount=1&facet.limit=10&json.facet={parent_facet:{type:terms,field:_id_,limit:999999999,mincount:1,sort:{index:asc},domain:{blockParent:"_type_:parent"},facet:{children_facet:{type:query,q:"%2B_type_:child+%2B(dynamic_single_stored_facet_string_shared_value:red)+AND+*",domain:{blockChildren:"_type_:parent"}}}}}&start=0&rows=10} hits=2 status=0 QTime=5
[Test worker] INFO org.apache.solr.core.CoreContainer - Shutting down CoreContainer instance=887343477
[coreCloseExecutor-13-thread-1] INFO org.apache.solr.core.SolrCore - [core]  CLOSING SolrCore org.apache.solr.core.SolrCore@4335b654
[...]
[Test worker] INFO org.apache.solr.update.processor.LogUpdateProcessorFactory - [core]  webapp=null path=/update params={}{add=[P1 (1576087831893245952)]} 0 2
[Test worker] INFO org.apache.solr.update.processor.LogUpdateProcessorFactory - [core]  webapp=null path=/update params={}{add=[P2 (1576087831897440256)]} 0 2
[Test worker] INFO org.apache.solr.update.processor.LogUpdateProcessorFactory - [core]  webapp=null path=/update params={}{add=[P3 (1576087831901634560)]} 0 1
[Test worker] INFO org.apache.solr.update.processor.LogUpdateProcessorFactory - [core]  webapp=null path=/update params={}{add=[P4 (1576087831904780288)]} 0 1
[Test worker] INFO org.apache.solr.update.DirectUpdateHandler2 - start commit{,optimize=false,openSearcher=true,waitSearcher=true,expungeDeletes=false,softCommit=false,prepareCommit=false}
[Test worker] INFO org.apache.solr.update.LoggingInfoStream - [IW][Test worker]: commit: start
[Test worker] INFO org.apache.solr.update.LoggingInfoStream - [IW][Test worker]: commit: enter lock
[Test worker] INFO org.apache.solr.update.LoggingInfoStream - [IW][Test worker]: commit: now prepare
[Test worker] INFO org.apache.solr.update.LoggingInfoStream - [IW][Test worker]: prepareCommit: flush
[Test worker] INFO org.apache.solr.update.LoggingInfoStream - [IW][Test worker]:   index before flush 
[Test worker] INFO org.apache.solr.update.LoggingInfoStream - [DW][Test worker]: startFullFlush
[Test worker] INFO org.apache.solr.update.LoggingInfoStream - [DW][Test worker]: anyChanges? numDocsInRam=8 deletes=true hasTickets:false pendingChangesInFullFlush: false
[Test worker] INFO org.apache.solr.update.LoggingInfoStream - [DWFC][Test worker]: addFlushableState DocumentsWriterPerThread [pendingDeletes=gen=0 3 deleted terms (unique count=3) bytesUsed=522, segment=_0, aborted=false, numDocsInRAM=8, deleteQueue=DWDQ: [ generation: 3 ]]
[Test worker] INFO org.apache.solr.update.LoggingInfoStream - [DWPT][Test worker]: flush postings as segment _0 numDocs=8
[Test worker] INFO org.apache.solr.update.LoggingInfoStream - [IW][Test worker]: 0 msec to write norms
[Test worker] INFO org.apache.solr.update.LoggingInfoStream - [IW][Test worker]: 1 msec to write docValues
[Test worker] INFO org.apache.solr.update.LoggingInfoStream - [IW][Test worker]: 0 msec to finish stored fields
[Test worker] INFO org.apache.solr.update.LoggingInfoStream - [IW][Test worker]: 1 msec to write postings and finish vectors
[Test worker] INFO org.apache.solr.update.LoggingInfoStream - [IW][Test worker]: 0 msec to write fieldInfos
[Test worker] INFO org.apache.solr.update.LoggingInfoStream - [DWPT][Test worker]: new segment has 0 deleted docs
[Test worker] INFO org.apache.solr.update.LoggingInfoStream - [DWPT][Test worker]: new segment has no vectors; norms; docValues; prox; freqs
[Test worker] INFO org.apache.solr.update.LoggingInfoStream - [DWPT][Test worker]: flushedFiles=[_0_Lucene54_0.dvm, _0_Lucene50_0.doc, _0_Lucene50_0.tim, _0_Lucene50_0.pos, _0.nvd, _0.fdx, _0_Lucene54_0.dvd, _0_Lucene50_0.tip, _0.fdt, _0.nvm, _0.fnm]
[Test worker] INFO org.apache.solr.update.LoggingInfoStream - [DWPT][Test worker]: flushed codec=Lucene54
[Test worker] INFO org.apache.solr.update.LoggingInfoStream - [DWPT][Test worker]: flushed: segment=_0 ramUsed=0.449 MB newFlushedSize=0.006 MB docs/MB=1,314.417
[Test worker] INFO org.apache.solr.update.LoggingInfoStream - [DW][Test worker]: publishFlushedSegment seg-private updates=null
[Test worker] INFO org.apache.solr.update.LoggingInfoStream - [IW][Test worker]: publishFlushedSegment
[Test worker] INFO org.apache.solr.update.LoggingInfoStream - [BD][Test worker]: push deletes  4 deleted terms (unique count=4) bytesUsed=1072 segmentPrivate?=false delGen=6 packetCount=1 totBytesUsed=1072
[Test worker] INFO org.apache.solr.update.LoggingInfoStream - [IW][Test worker]: publish sets newSegment delGen=7 seg=_0(5.5.1):C8
[Test worker] INFO org.apache.solr.update.LoggingInfoStream - [IFD][Test worker]: now checkpoint "_0(5.5.1):C8" [1 segments ; isCommit = false]
[Test worker] INFO org.apache.solr.update.LoggingInfoStream - [IFD][Test worker]: 0 msec to checkpoint
[Test worker] INFO org.apache.solr.update.LoggingInfoStream - [IW][Test worker]: apply all deletes during flush
[Test worker] INFO org.apache.solr.update.LoggingInfoStream - [IW][Test worker]: now apply all deletes for all segments maxDoc=8
[Test worker] INFO org.apache.solr.update.LoggingInfoStream - [BD][Test worker]: applyDeletes: open segment readers took 0 msec
[Test worker] INFO org.apache.solr.update.LoggingInfoStream - [BD][Test worker]: applyDeletes: infos=[_0(5.5.1):C8] packetCount=1
[Test worker] INFO org.apache.solr.update.LoggingInfoStream - [BD][Test worker]: applyDeletes took 0 msec for 1 segments, 0 newly deleted docs (query deletes), 0 visited terms, allDeleted=null
[Test worker] INFO org.apache.solr.update.LoggingInfoStream - [BD][Test worker]: prune sis=segments_1: _0(5.5.1):C8 minGen=7 packetCount=1
[Test worker] INFO org.apache.solr.update.LoggingInfoStream - [BD][Test worker]: pruneDeletes: prune 1 packets; 0 packets remain
[Test worker] INFO org.apache.solr.update.LoggingInfoStream - [DW][Test worker]: Test worker finishFullFlush success=true
[Test worker] INFO org.apache.solr.update.LoggingInfoStream - [TMP][Test worker]: findMerges: 1 segments
[Test worker] INFO org.apache.solr.update.LoggingInfoStream - [TMP][Test worker]:   seg=_0(5.5.1):C8 size=0.006 MB [floored]
[Test worker] INFO org.apache.solr.update.LoggingInfoStream - [TMP][Test worker]:   allowedSegmentCount=1 vs count=1 (eligible count=1) tooBigCount=0
[Test worker] INFO org.apache.solr.update.LoggingInfoStream - [MS][Test worker]: initDynamicDefaults spins=false maxThreadCount=2 maxMergeCount=7
[Test worker] INFO org.apache.solr.update.LoggingInfoStream - [MS][Test worker]: now merge
[Test worker] INFO org.apache.solr.update.LoggingInfoStream - [MS][Test worker]:   index: _0(5.5.1):C8
[Test worker] INFO org.apache.solr.update.LoggingInfoStream - [MS][Test worker]:   no more merges pending; now return
[Test worker] INFO org.apache.solr.update.LoggingInfoStream - [IW][Test worker]: startCommit(): start
[Test worker] INFO org.apache.solr.update.LoggingInfoStream - [IW][Test worker]: startCommit index=_0(5.5.1):C8 changeCount=4
[Test worker] INFO org.apache.solr.update.LoggingInfoStream - [IW][Test worker]: startCommit: wrote pending segments file "pending_segments_2"
[Test worker] INFO org.apache.solr.update.LoggingInfoStream - [IW][Test worker]: done all syncs: [_0.si, _0_Lucene50_0.doc, _0_Lucene50_0.tim, _0_Lucene54_0.dvm, _0_Lucene50_0.pos, _0.nvd, _0.fdx, _0_Lucene54_0.dvd, _0_Lucene50_0.tip, _0.fdt, _0.nvm, _0.fnm]
[Test worker] INFO org.apache.solr.update.LoggingInfoStream - [IW][Test worker]: commit: pendingCommit != null
[Test worker] INFO org.apache.solr.update.LoggingInfoStream - [IW][Test worker]: commit: done writing segments file "segments_2"
[Test worker] INFO org.apache.solr.update.LoggingInfoStream - [IFD][Test worker]: now checkpoint "_0(5.5.1):C8" [1 segments ; isCommit = true]
[Test worker] INFO org.apache.solr.core.SolrDeletionPolicy - SolrDeletionPolicy.onCommit: commits: num=2
	commit{dir=NRTCachingDirectory(MMapDirectory@/tmp/solr-home5799257690668477622/core/data/index lockFactory=org.apache.lucene.store.NativeFSLockFactory@2c3d74f6; maxCacheMB=48.0 maxMergeSizeMB=4.0),segFN=segments_1,generation=1}
	commit{dir=NRTCachingDirectory(MMapDirectory@/tmp/solr-home5799257690668477622/core/data/index lockFactory=org.apache.lucene.store.NativeFSLockFactory@2c3d74f6; maxCacheMB=48.0 maxMergeSizeMB=4.0),segFN=segments_2,generation=2}
[Test worker] INFO org.apache.solr.core.SolrDeletionPolicy - newest commit generation = 2
[Test worker] INFO org.apache.solr.update.LoggingInfoStream - [IFD][Test worker]: deleteCommits: now decRef commit "segments_1"
[Test worker] INFO org.apache.solr.update.LoggingInfoStream - [IFD][Test worker]: delete "segments_1"
[Test worker] INFO org.apache.solr.update.LoggingInfoStream - [IFD][Test worker]: 0 msec to checkpoint
[Test worker] INFO org.apache.solr.update.LoggingInfoStream - [IW][Test worker]: commit: took 62.6 msec
[Test worker] INFO org.apache.solr.update.LoggingInfoStream - [IW][Test worker]: commit: done
[Test worker] INFO org.apache.solr.update.LoggingInfoStream - [IW][Test worker]: nrtIsCurrent: infoVersion matches: false; DW changes: false; BD changes: false
[Test worker] INFO org.apache.solr.update.LoggingInfoStream - [IW][Test worker]: flush at getReader
[Test worker] INFO org.apache.solr.update.LoggingInfoStream - [DW][Test worker]: startFullFlush
[Test worker] INFO org.apache.solr.update.LoggingInfoStream - [IW][Test worker]: apply all deletes during flush
[Test worker] INFO org.apache.solr.update.LoggingInfoStream - [IW][Test worker]: now apply all deletes for all segments maxDoc=8
[Test worker] INFO org.apache.solr.update.LoggingInfoStream - [BD][Test worker]: applyDeletes: open segment readers took 0 msec
[Test worker] INFO org.apache.solr.update.LoggingInfoStream - [BD][Test worker]: applyDeletes: no segments; skipping
[Test worker] INFO org.apache.solr.update.LoggingInfoStream - [BD][Test worker]: prune sis=segments_2: _0(5.5.1):C8 minGen=7 packetCount=0
[Test worker] INFO org.apache.solr.update.LoggingInfoStream - [IW][Test worker]: incRefDeleter for NRT reader version=6 segments=_0(5.5.1):C8
[Test worker] INFO org.apache.solr.update.LoggingInfoStream - [IW][Test worker]: return reader version=6 reader=StandardDirectoryReader(segments_2:6:nrt _0(5.5.1):C8)
[Test worker] INFO org.apache.solr.update.LoggingInfoStream - [DW][Test worker]: Test worker finishFullFlush success=true
[Test worker] INFO org.apache.solr.update.LoggingInfoStream - [IW][Test worker]: getReader took 1 msec
[Test worker] INFO org.apache.solr.search.SolrIndexSearcher - Opening Searcher@4e11ef1f[core] main
[Test worker] INFO org.apache.solr.update.DirectUpdateHandler2 - end_commit_flush
[searcherExecutor-73-thread-1] INFO org.apache.solr.handler.component.SpellCheckComponent - Building spell index for spell checker: default
[searcherExecutor-73-thread-1] INFO org.apache.solr.core.SolrCore - [core] Registered new searcher Searcher@4e11ef1f[core] main{ExitableDirectoryReader(UninvertingDirectoryReader(Uninverting(_0(5.5.1):C8)))}
[searcherExecutor-73-thread-1] INFO org.apache.solr.update.LoggingInfoStream - [IW][searcherExecutor-73-thread-1]: decRefDeleter for NRT reader version=2 segments=
[Test worker] INFO org.apache.solr.update.processor.LogUpdateProcessorFactory - [core]  webapp=null path=/update params={commit=true&softCommit=false&waitSearcher=true}{commit=} 0 105
[Test worker] INFO org.apache.solr.core.SolrCore.Request - [core]  webapp=null path=/select params={q=(*+AND+_type_:parent)+OR+_query_:"{!parent+which%3D_type_:parent}(_type_:child+AND+(*))"&fl=*,score&qf=dynamic_single_stored_none_shared_value^1.0+dynamic_single_stored_none_parent_value^1.0&defType=edismax&fq=(%2B_type_:parent+%2B(NOT(dynamic_single_stored_facet_string_parent_value:"orange")+AND+(dynamic_single_stored_facet_string_parent_value:"blue"+OR+dynamic_single_stored_facet_string_parent_value:"red")))+OR+((NOT((_type_:parent+AND+dynamic_single_stored_facet_string_parent_value:"orange"))+AND+((_type_:parent+AND+dynamic_single_stored_facet_string_parent_value:"blue")+OR+(_type_:parent+AND+dynamic_single_stored_facet_string_parent_value:"red"))))&facet=true&facet.mincount=1&facet.limit=10&json.facet={parent_facet:{type:terms,field:_id_,limit:999999999,mincount:1,sort:{index:asc},domain:{blockParent:"_type_:parent"},facet:{children_facet:{type:query,q:"%2B_type_:child+AND+*",domain:{blockChildren:"_type_:parent"}}}}}&start=0&rows=10} hits=3 status=0 QTime=7
[Test worker] INFO org.apache.solr.core.CoreContainer - Shutting down CoreContainer instance=58807625
[coreCloseExecutor-78-thread-1] INFO org.apache.solr.core.SolrCore - [core]  CLOSING SolrCore org.apache.solr.core.SolrCore@1d1a16cb
[coreCloseExecutor-78-thread-1] INFO org.apache.solr.update.DirectUpdateHandler2 - closing DirectUpdateHandler2{commits=2,autocommit maxTime=15000ms,autocommits=0,soft autocommits=0,optimizes=0,rollbacks=0,expungeDeletes=0,docsPending=0,adds=0,deletesById=0,deletesByQuery=0,errors=0,cumulative_adds=4,cumulative_deletesById=0,cumulative_deletesByQuery=2,cumulative_errors=0,transaction_logs_total_size=3684,transaction_logs_total_number=2}
[coreCloseExecutor-78-thread-1] INFO org.apache.solr.update.SolrCoreState - Closing SolrCoreState
[coreCloseExecutor-78-thread-1] INFO org.apache.solr.update.DefaultSolrCoreState - SolrCoreState ref count has reached 0 - closing IndexWriter
[coreCloseExecutor-78-thread-1] INFO org.apache.solr.update.DefaultSolrCoreState - closing IndexWriter with IndexWriterCloser
[coreCloseExecutor-78-thread-1] INFO org.apache.solr.update.LoggingInfoStream - [IW][coreCloseExecutor-78-thread-1]: now flush at close
[coreCloseExecutor-78-thread-1] INFO org.apache.solr.update.LoggingInfoStream - [IW][coreCloseExecutor-78-thread-1]:   start flush: applyAllDeletes=true
[coreCloseExecutor-78-thread-1] INFO org.apache.solr.update.LoggingInfoStream - [IW][coreCloseExecutor-78-thread-1]:   index before flush _0(5.5.1):C8
[coreCloseExecutor-78-thread-1] INFO org.apache.solr.update.LoggingInfoStream - [DW][coreCloseExecutor-78-thread-1]: startFullFlush
[coreCloseExecutor-78-thread-1] INFO org.apache.solr.update.LoggingInfoStream - [DW][coreCloseExecutor-78-thread-1]: coreCloseExecutor-78-thread-1 finishFullFlush success=true
[coreCloseExecutor-78-thread-1] INFO org.apache.solr.update.LoggingInfoStream - [IW][coreCloseExecutor-78-thread-1]: apply all deletes during flush
[coreCloseExecutor-78-thread-1] INFO org.apache.solr.update.LoggingInfoStream - [IW][coreCloseExecutor-78-thread-1]: now apply all deletes for all segments maxDoc=8
[coreCloseExecutor-78-thread-1] INFO org.apache.solr.update.LoggingInfoStream - [BD][coreCloseExecutor-78-thread-1]: applyDeletes: open segment readers took 0 msec
[coreCloseExecutor-78-thread-1] INFO org.apache.solr.update.LoggingInfoStream - [BD][coreCloseExecutor-78-thread-1]: applyDeletes: no segments; skipping
[coreCloseExecutor-78-thread-1] INFO org.apache.solr.update.LoggingInfoStream - [BD][coreCloseExecutor-78-thread-1]: prune sis=segments_2: _0(5.5.1):C8 minGen=7 packetCount=0
[coreCloseExecutor-78-thread-1] INFO org.apache.solr.update.LoggingInfoStream - [MS][coreCloseExecutor-78-thread-1]: updateMergeThreads ioThrottle=true targetMBPerSec=10240.0 MB/sec
[coreCloseExecutor-78-thread-1] INFO org.apache.solr.update.LoggingInfoStream - [MS][coreCloseExecutor-78-thread-1]: now merge
[coreCloseExecutor-78-thread-1] INFO org.apache.solr.update.LoggingInfoStream - [MS][coreCloseExecutor-78-thread-1]:   index: _0(5.5.1):C8
[coreCloseExecutor-78-thread-1] INFO org.apache.solr.update.LoggingInfoStream - [MS][coreCloseExecutor-78-thread-1]:   no more merges pending; now return
[coreCloseExecutor-78-thread-1] INFO org.apache.solr.update.LoggingInfoStream - [IW][coreCloseExecutor-78-thread-1]: waitForMerges
[coreCloseExecutor-78-thread-1] INFO org.apache.solr.update.LoggingInfoStream - [IW][coreCloseExecutor-78-thread-1]: waitForMerges done
[coreCloseExecutor-78-thread-1] INFO org.apache.solr.update.LoggingInfoStream - [IW][coreCloseExecutor-78-thread-1]: commit: start
[coreCloseExecutor-78-thread-1] INFO org.apache.solr.update.LoggingInfoStream - [IW][coreCloseExecutor-78-thread-1]: commit: enter lock
[coreCloseExecutor-78-thread-1] INFO org.apache.solr.update.LoggingInfoStream - [IW][coreCloseExecutor-78-thread-1]: commit: now prepare
[coreCloseExecutor-78-thread-1] INFO org.apache.solr.update.LoggingInfoStream - [IW][coreCloseExecutor-78-thread-1]: prepareCommit: flush
[coreCloseExecutor-78-thread-1] INFO org.apache.solr.update.LoggingInfoStream - [IW][coreCloseExecutor-78-thread-1]:   index before flush _0(5.5.1):C8
[coreCloseExecutor-78-thread-1] INFO org.apache.solr.update.LoggingInfoStream - [DW][coreCloseExecutor-78-thread-1]: startFullFlush
[coreCloseExecutor-78-thread-1] INFO org.apache.solr.update.LoggingInfoStream - [IW][coreCloseExecutor-78-thread-1]: apply all deletes during flush
[coreCloseExecutor-78-thread-1] INFO org.apache.solr.update.LoggingInfoStream - [IW][coreCloseExecutor-78-thread-1]: now apply all deletes for all segments maxDoc=8
[coreCloseExecutor-78-thread-1] INFO org.apache.solr.update.LoggingInfoStream - [BD][coreCloseExecutor-78-thread-1]: applyDeletes: open segment readers took 0 msec
[coreCloseExecutor-78-thread-1] INFO org.apache.solr.update.LoggingInfoStream - [BD][coreCloseExecutor-78-thread-1]: applyDeletes: no segments; skipping
[coreCloseExecutor-78-thread-1] INFO org.apache.solr.update.LoggingInfoStream - [BD][coreCloseExecutor-78-thread-1]: prune sis=segments_2: _0(5.5.1):C8 minGen=7 packetCount=0
[coreCloseExecutor-78-thread-1] INFO org.apache.solr.update.LoggingInfoStream - [DW][coreCloseExecutor-78-thread-1]: coreCloseExecutor-78-thread-1 finishFullFlush success=true
[coreCloseExecutor-78-thread-1] INFO org.apache.solr.update.LoggingInfoStream - [IW][coreCloseExecutor-78-thread-1]: startCommit(): start
[coreCloseExecutor-78-thread-1] INFO org.apache.solr.update.LoggingInfoStream - [IW][coreCloseExecutor-78-thread-1]:   skip startCommit(): no changes pending
[coreCloseExecutor-78-thread-1] INFO org.apache.solr.update.LoggingInfoStream - [IW][coreCloseExecutor-78-thread-1]: commit: pendingCommit == null; skip
[coreCloseExecutor-78-thread-1] INFO org.apache.solr.update.LoggingInfoStream - [IW][coreCloseExecutor-78-thread-1]: commit: took 0.3 msec
[coreCloseExecutor-78-thread-1] INFO org.apache.solr.update.LoggingInfoStream - [IW][coreCloseExecutor-78-thread-1]: commit: done
[coreCloseExecutor-78-thread-1] INFO org.apache.solr.update.LoggingInfoStream - [IW][coreCloseExecutor-78-thread-1]: rollback
[coreCloseExecutor-78-thread-1] INFO org.apache.solr.update.LoggingInfoStream - [IW][coreCloseExecutor-78-thread-1]: all running merges have aborted
[coreCloseExecutor-78-thread-1] INFO org.apache.solr.update.LoggingInfoStream - [IW][coreCloseExecutor-78-thread-1]: rollback: done finish merges
[coreCloseExecutor-78-thread-1] INFO org.apache.solr.update.LoggingInfoStream - [DW][coreCloseExecutor-78-thread-1]: abort
[coreCloseExecutor-78-thread-1] INFO org.apache.solr.update.LoggingInfoStream - [DW][coreCloseExecutor-78-thread-1]: done abort success=true
[coreCloseExecutor-78-thread-1] INFO org.apache.solr.update.LoggingInfoStream - [IW][coreCloseExecutor-78-thread-1]: rollback: infos=_0(5.5.1):C8
[coreCloseExecutor-78-thread-1] INFO org.apache.solr.update.LoggingInfoStream - [IFD][coreCloseExecutor-78-thread-1]: now checkpoint "_0(5.5.1):C8" [1 segments ; isCommit = false]
[coreCloseExecutor-78-thread-1] INFO org.apache.solr.update.LoggingInfoStream - [IFD][coreCloseExecutor-78-thread-1]: 0 msec to checkpoint
[coreCloseExecutor-78-thread-1] INFO org.apache.solr.core.SolrCore - [core] Closing main searcher on request.
[coreCloseExecutor-78-thread-1] INFO org.apache.solr.core.CachingDirectoryFactory - Closing NRTCachingDirectoryFactory - 2 directories currently being tracked
[coreCloseExecutor-78-thread-1] INFO org.apache.solr.core.CachingDirectoryFactory - looking to close /tmp/solr-home5799257690668477622/core/data/index [CachedDir<<refCount=0;path=/tmp/solr-home5799257690668477622/core/data/index;done=false>>]
[coreCloseExecutor-78-thread-1] INFO org.apache.solr.core.CachingDirectoryFactory - Closing directory: /tmp/solr-home5799257690668477622/core/data/index
[coreCloseExecutor-78-thread-1] INFO org.apache.solr.core.CachingDirectoryFactory - looking to close /tmp/solr-home5799257690668477622/core/data [CachedDir<<refCount=0;path=/tmp/solr-home5799257690668477622/core/data;done=false>>]
[coreCloseExecutor-78-thread-1] INFO org.apache.solr.core.CachingDirectoryFactory - Closing directory: /tmp/solr-home5799257690668477622/core/data
]]></system-err>
</testsuite>
